__init__.py[LINE:410]# INFO     [2018-07-15 16:25:55,589]  Running job Every 5 seconds do main_current() (last run: [never], next run: 2018-07-15 16:25:55)
__init__.py[LINE:410]# INFO     [2018-07-15 16:28:29,560]  Running job Every 1 second do main_current() (last run: [never], next run: 2018-07-15 16:28:29)
__init__.py[LINE:410]# INFO     [2018-07-16 07:58:27,113]  Running job Every 1 second do main_current() (last run: [never], next run: 2018-07-16 07:58:27)
__init__.py[LINE:410]# INFO     [2018-07-16 07:59:54,638]  Running job Every 1 second do main_current() (last run: 2018-07-16 07:59:50, next run: 2018-07-16 07:59:51)
__init__.py[LINE:410]# INFO     [2018-07-16 08:01:13,903]  Running job Every 1 second do main_current() (last run: [never], next run: 2018-07-16 08:01:13)
__init__.py[LINE:410]# INFO     [2018-07-16 08:01:25,618]  Running job Every 1 second do main_current() (last run: [never], next run: 2018-07-16 08:01:25)
__init__.py[LINE:410]# INFO     [2018-07-16 08:01:33,048]  Running job Every 1 second do main_current() (last run: 2018-07-16 08:01:30, next run: 2018-07-16 08:01:31)
__init__.py[LINE:410]# INFO     [2018-07-16 08:02:04,273]  Running job Every 1 second do main_current() (last run: [never], next run: 2018-07-16 08:02:04)
__init__.py[LINE:410]# INFO     [2018-07-16 08:02:05,901]  Running job Every 1 second do main_current() (last run: 2018-07-16 08:02:04, next run: 2018-07-16 08:02:05)
__init__.py[LINE:410]# INFO     [2018-07-16 08:02:32,075]  Running job Every 10 seconds do main_calendar() (last run: [never], next run: 2018-07-16 08:02:32)
__init__.py[LINE:410]# INFO     [2018-07-16 08:02:46,482]  Running job Every 10 seconds do main_calendar() (last run: 2018-07-16 08:02:36, next run: 2018-07-16 08:02:46)
__init__.py[LINE:410]# INFO     [2018-07-16 08:08:45,806]  Running job Every 1 second do main_calendar() (last run: [never], next run: 2018-07-16 08:08:45)
__init__.py[LINE:410]# INFO     [2018-07-16 08:08:48,252]  Running job Every 1 second do main_calendar() (last run: 2018-07-16 08:08:47, next run: 2018-07-16 08:08:48)
__init__.py[LINE:410]# INFO     [2018-07-16 08:11:05,940]  Running job Every 1 second do main_calendar() (last run: [never], next run: 2018-07-16 08:11:05)
__init__.py[LINE:410]# INFO     [2018-07-16 08:11:08,141]  Running job Every 1 second do main_calendar() (last run: 2018-07-16 08:11:07, next run: 2018-07-16 08:11:08)
__init__.py[LINE:410]# INFO     [2018-07-16 08:14:44,101]  Running job Every 1 second do main_calendar() (last run: [never], next run: 2018-07-16 08:14:44)
__init__.py[LINE:410]# INFO     [2018-07-16 08:14:46,262]  Running job Every 1 second do main_calendar() (last run: 2018-07-16 08:14:45, next run: 2018-07-16 08:14:46)
__init__.py[LINE:410]# INFO     [2018-07-16 08:15:14,929]  Running job Every 1 second do main_calendar() (last run: [never], next run: 2018-07-16 08:15:14)
__init__.py[LINE:410]# INFO     [2018-07-16 08:15:17,083]  Running job Every 1 second do main_calendar() (last run: 2018-07-16 08:15:16, next run: 2018-07-16 08:15:17)
__init__.py[LINE:410]# INFO     [2018-07-16 08:16:18,836]  Running job Every 1 second do main_calendar() (last run: [never], next run: 2018-07-16 08:16:18)
__init__.py[LINE:410]# INFO     [2018-07-16 08:16:21,163]  Running job Every 1 second do main_calendar() (last run: 2018-07-16 08:16:20, next run: 2018-07-16 08:16:21)
__init__.py[LINE:410]# INFO     [2018-07-16 08:17:00,672]  Running job Every 1 second do main_calendar() (last run: [never], next run: 2018-07-16 08:17:00)
__init__.py[LINE:410]# INFO     [2018-07-16 08:17:02,850]  Running job Every 1 second do main_calendar() (last run: 2018-07-16 08:17:01, next run: 2018-07-16 08:17:02)
__init__.py[LINE:410]# INFO     [2018-07-16 08:21:40,360]  Running job Every 1 second do main_calendar() (last run: [never], next run: 2018-07-16 08:21:40)
__init__.py[LINE:410]# INFO     [2018-07-16 08:21:42,545]  Running job Every 1 second do main_calendar() (last run: 2018-07-16 08:21:41, next run: 2018-07-16 08:21:42)
__init__.py[LINE:410]# INFO     [2018-07-16 08:24:58,527]  Running job Every 1 second do main_calendar() (last run: [never], next run: 2018-07-16 08:24:58)
__init__.py[LINE:410]# INFO     [2018-07-16 08:25:47,626]  Running job Every 1 second do main_calendar() (last run: [never], next run: 2018-07-16 08:25:47)
__init__.py[LINE:410]# INFO     [2018-07-16 08:26:55,379]  Running job Every 1 second do main_calendar() (last run: [never], next run: 2018-07-16 08:26:55)
__init__.py[LINE:410]# INFO     [2018-07-16 08:27:58,597]  Running job Every 1 second do main_calendar() (last run: [never], next run: 2018-07-16 08:27:58)
__init__.py[LINE:410]# INFO     [2018-07-16 08:28:32,013]  Running job Every 1 second do main_calendar() (last run: [never], next run: 2018-07-16 08:28:32)
__init__.py[LINE:410]# INFO     [2018-07-16 08:29:10,421]  Running job Every 1 second do main_calendar() (last run: [never], next run: 2018-07-16 08:29:10)
__init__.py[LINE:410]# INFO     [2018-07-16 08:29:34,562]  Running job Every 1 second do main_calendar() (last run: [never], next run: 2018-07-16 08:29:34)
__init__.py[LINE:410]# INFO     [2018-07-16 08:29:59,946]  Running job Every 1 second do main_calendar() (last run: [never], next run: 2018-07-16 08:29:59)
__init__.py[LINE:410]# INFO     [2018-07-16 08:31:44,055]  Running job Every 1 second do main_calendar() (last run: [never], next run: 2018-07-16 08:31:44)
__init__.py[LINE:410]# INFO     [2018-07-16 08:35:10,116]  Running job Every 1 second do main_calendar() (last run: [never], next run: 2018-07-16 08:35:10)
__init__.py[LINE:410]# INFO     [2018-07-16 08:37:00,159]  Running job Every 1 second do main_calendar() (last run: [never], next run: 2018-07-16 08:37:00)
__init__.py[LINE:410]# INFO     [2018-07-16 08:41:14,094]  Running job Every 1 second do main_calendar() (last run: [never], next run: 2018-07-16 08:41:14)
__init__.py[LINE:410]# INFO     [2018-07-16 08:44:41,140]  Running job Every 1 second do main_calendar() (last run: [never], next run: 2018-07-16 08:44:41)
__init__.py[LINE:410]# INFO     [2018-07-16 08:44:43,357]  Running job Every 1 second do main_calendar() (last run: 2018-07-16 08:44:42, next run: 2018-07-16 08:44:43)
__init__.py[LINE:410]# INFO     [2018-07-16 08:45:15,404]  Running job Every 1 second do main_calendar() (last run: [never], next run: 2018-07-16 08:45:15)
__init__.py[LINE:410]# INFO     [2018-07-16 08:45:17,730]  Running job Every 1 second do main_calendar() (last run: 2018-07-16 08:45:16, next run: 2018-07-16 08:45:17)
__init__.py[LINE:410]# INFO     [2018-07-16 08:46:10,322]  Running job Every 1 second do main_calendar() (last run: [never], next run: 2018-07-16 08:46:10)
__init__.py[LINE:410]# INFO     [2018-07-16 08:46:12,779]  Running job Every 1 second do main_calendar() (last run: 2018-07-16 08:46:11, next run: 2018-07-16 08:46:12)
__init__.py[LINE:410]# INFO     [2018-07-16 08:47:44,745]  Running job Every 1 second do main_calendar() (last run: [never], next run: 2018-07-16 08:47:44)
__init__.py[LINE:410]# INFO     [2018-07-16 08:47:47,055]  Running job Every 1 second do main_calendar() (last run: 2018-07-16 08:47:46, next run: 2018-07-16 08:47:47)
__init__.py[LINE:410]# INFO     [2018-07-16 08:49:38,885]  Running job Every 1 second do main_calendar() (last run: [never], next run: 2018-07-16 08:49:38)
__init__.py[LINE:410]# INFO     [2018-07-16 08:49:41,388]  Running job Every 1 second do main_calendar() (last run: 2018-07-16 08:49:40, next run: 2018-07-16 08:49:41)
__init__.py[LINE:410]# INFO     [2018-07-16 15:56:14,683]  Running job Every 1 second do main_calendar() (last run: [never], next run: 2018-07-16 15:56:14)
__init__.py[LINE:410]# INFO     [2018-07-16 15:56:36,093]  Running job Every 1 second do main_calendar() (last run: 2018-07-16 15:56:32, next run: 2018-07-16 15:56:33)
__init__.py[LINE:410]# INFO     [2018-07-16 16:00:19,875]  Running job Every 1 minute do main_current() (last run: [never], next run: 2018-07-16 15:57:13)
__init__.py[LINE:410]# INFO     [2018-07-16 16:00:20,357]  Running job Every 1 second do main_calendar() (last run: 2018-07-16 16:00:10, next run: 2018-07-16 16:00:11)
__init__.py[LINE:410]# INFO     [2018-07-16 16:01:12,513]  Running job Every 1 second do main_calendar() (last run: [never], next run: 2018-07-16 16:01:12)
__init__.py[LINE:410]# INFO     [2018-07-16 16:01:14,715]  Running job Every 1 second do main_calendar() (last run: 2018-07-16 16:01:13, next run: 2018-07-16 16:01:14)
__init__.py[LINE:410]# INFO     [2018-07-16 16:02:38,253]  Running job Every 1 second do main_calendar() (last run: [never], next run: 2018-07-16 16:02:38)
__init__.py[LINE:410]# INFO     [2018-07-16 16:02:40,484]  Running job Every 1 second do main_calendar() (last run: 2018-07-16 16:02:39, next run: 2018-07-16 16:02:40)
__init__.py[LINE:410]# INFO     [2018-07-16 16:04:49,978]  Running job Every 1 second do main_calendar() (last run: [never], next run: 2018-07-16 16:04:49)
__init__.py[LINE:410]# INFO     [2018-07-16 16:04:52,238]  Running job Every 1 second do main_calendar() (last run: 2018-07-16 16:04:51, next run: 2018-07-16 16:04:52)
__init__.py[LINE:410]# INFO     [2018-07-16 16:06:12,326]  Running job Every 1 second do main_calendar() (last run: [never], next run: 2018-07-16 16:06:12)
__init__.py[LINE:410]# INFO     [2018-07-16 16:06:14,540]  Running job Every 1 second do main_calendar() (last run: 2018-07-16 16:06:13, next run: 2018-07-16 16:06:14)
__init__.py[LINE:410]# INFO     [2018-07-16 16:09:00,348]  Running job Every 1 second do main_calendar() (last run: [never], next run: 2018-07-16 16:09:00)
__init__.py[LINE:410]# INFO     [2018-07-16 16:09:02,577]  Running job Every 1 second do main_calendar() (last run: 2018-07-16 16:09:01, next run: 2018-07-16 16:09:02)
__init__.py[LINE:410]# INFO     [2018-07-16 16:10:21,375]  Running job Every 1 second do main_calendar() (last run: [never], next run: 2018-07-16 16:10:21)
__init__.py[LINE:410]# INFO     [2018-07-16 16:10:23,775]  Running job Every 1 second do main_calendar() (last run: 2018-07-16 16:10:22, next run: 2018-07-16 16:10:23)
__init__.py[LINE:410]# INFO     [2018-07-16 16:10:47,731]  Running job Every 1 second do main_calendar() (last run: [never], next run: 2018-07-16 16:10:47)
__init__.py[LINE:410]# INFO     [2018-07-16 16:10:51,005]  Running job Every 1 second do main_calendar() (last run: 2018-07-16 16:10:50, next run: 2018-07-16 16:10:51)
__init__.py[LINE:410]# INFO     [2018-07-16 16:11:16,008]  Running job Every 1 second do main_calendar() (last run: [never], next run: 2018-07-16 16:11:15)
__init__.py[LINE:410]# INFO     [2018-07-16 16:11:18,307]  Running job Every 1 second do main_calendar() (last run: 2018-07-16 16:11:17, next run: 2018-07-16 16:11:18)
__init__.py[LINE:410]# INFO     [2018-07-16 16:13:39,145]  Running job Every 1 second do main_calendar() (last run: [never], next run: 2018-07-16 16:13:39)
__init__.py[LINE:410]# INFO     [2018-07-16 16:13:41,339]  Running job Every 1 second do main_calendar() (last run: 2018-07-16 16:13:40, next run: 2018-07-16 16:13:41)
__init__.py[LINE:410]# INFO     [2018-07-16 16:15:27,002]  Running job Every 1 second do main_calendar() (last run: [never], next run: 2018-07-16 16:15:26)
__init__.py[LINE:410]# INFO     [2018-07-16 16:15:29,214]  Running job Every 1 second do main_calendar() (last run: 2018-07-16 16:15:28, next run: 2018-07-16 16:15:29)
__init__.py[LINE:410]# INFO     [2018-07-16 16:15:38,917]  Running job Every 1 second do main_calendar() (last run: [never], next run: 2018-07-16 16:15:38)
__init__.py[LINE:410]# INFO     [2018-07-16 16:15:41,196]  Running job Every 1 second do main_calendar() (last run: 2018-07-16 16:15:40, next run: 2018-07-16 16:15:41)
__init__.py[LINE:410]# INFO     [2018-07-16 16:17:11,960]  Running job Every 1 second do main_calendar() (last run: [never], next run: 2018-07-16 16:17:11)
__init__.py[LINE:410]# INFO     [2018-07-16 16:17:14,244]  Running job Every 1 second do main_calendar() (last run: 2018-07-16 16:17:13, next run: 2018-07-16 16:17:14)
__init__.py[LINE:410]# INFO     [2018-07-16 16:20:48,895]  Running job Every 1 second do main_calendar() (last run: [never], next run: 2018-07-16 16:20:48)
__init__.py[LINE:410]# INFO     [2018-07-16 16:20:51,042]  Running job Every 1 second do main_calendar() (last run: 2018-07-16 16:20:50, next run: 2018-07-16 16:20:51)
__init__.py[LINE:410]# INFO     [2018-07-16 22:36:50,857]  Running job Every 1 second do main_calendar() (last run: [never], next run: 2018-07-16 22:36:50)
__init__.py[LINE:410]# INFO     [2018-07-16 22:36:53,527]  Running job Every 1 second do main_calendar() (last run: 2018-07-16 22:36:52, next run: 2018-07-16 22:36:53)
__init__.py[LINE:410]# INFO     [2018-07-16 22:38:04,206]  Running job Every 1 second do main_calendar() (last run: [never], next run: 2018-07-16 22:38:04)
__init__.py[LINE:410]# INFO     [2018-07-16 22:38:06,915]  Running job Every 1 second do main_calendar() (last run: 2018-07-16 22:38:05, next run: 2018-07-16 22:38:06)
__init__.py[LINE:410]# INFO     [2018-07-16 22:38:33,637]  Running job Every 1 second do main_calendar() (last run: [never], next run: 2018-07-16 22:38:33)
__init__.py[LINE:410]# INFO     [2018-07-16 22:38:36,044]  Running job Every 1 second do main_calendar() (last run: 2018-07-16 22:38:35, next run: 2018-07-16 22:38:36)
__init__.py[LINE:410]# INFO     [2018-07-16 22:44:41,664]  Running job Every 1 second do main_calendar() (last run: [never], next run: 2018-07-16 22:44:41)
__init__.py[LINE:410]# INFO     [2018-07-16 22:44:44,156]  Running job Every 1 second do main_calendar() (last run: 2018-07-16 22:44:43, next run: 2018-07-16 22:44:44)
__init__.py[LINE:410]# INFO     [2018-07-16 22:45:11,451]  Running job Every 1 second do main_calendar() (last run: [never], next run: 2018-07-16 22:45:11)
__init__.py[LINE:410]# INFO     [2018-07-16 22:45:14,036]  Running job Every 1 second do main_calendar() (last run: 2018-07-16 22:45:13, next run: 2018-07-16 22:45:14)
__init__.py[LINE:410]# INFO     [2018-07-16 22:47:15,318]  Running job Every 1 second do main_calendar() (last run: [never], next run: 2018-07-16 22:47:15)
__init__.py[LINE:410]# INFO     [2018-07-16 22:47:18,060]  Running job Every 1 second do main_calendar() (last run: 2018-07-16 22:47:17, next run: 2018-07-16 22:47:18)
__init__.py[LINE:410]# INFO     [2018-07-16 22:47:43,917]  Running job Every 1 second do main_calendar() (last run: [never], next run: 2018-07-16 22:47:43)
__init__.py[LINE:410]# INFO     [2018-07-16 22:47:47,033]  Running job Every 1 second do main_calendar() (last run: 2018-07-16 22:47:46, next run: 2018-07-16 22:47:47)
__init__.py[LINE:410]# INFO     [2018-07-16 22:48:23,917]  Running job Every 1 second do main_calendar() (last run: [never], next run: 2018-07-16 22:48:23)
__init__.py[LINE:410]# INFO     [2018-07-16 22:48:26,716]  Running job Every 1 second do main_calendar() (last run: 2018-07-16 22:48:25, next run: 2018-07-16 22:48:26)
__init__.py[LINE:410]# INFO     [2018-07-16 22:48:49,730]  Running job Every 1 second do main_calendar() (last run: [never], next run: 2018-07-16 22:48:49)
__init__.py[LINE:410]# INFO     [2018-07-16 22:48:52,197]  Running job Every 1 second do main_calendar() (last run: 2018-07-16 22:48:51, next run: 2018-07-16 22:48:52)
__init__.py[LINE:410]# INFO     [2018-07-16 22:49:54,202]  Running job Every 1 second do main_calendar() (last run: [never], next run: 2018-07-16 22:49:54)
__init__.py[LINE:410]# INFO     [2018-07-16 22:49:56,614]  Running job Every 1 second do main_calendar() (last run: 2018-07-16 22:49:55, next run: 2018-07-16 22:49:56)
__init__.py[LINE:410]# INFO     [2018-07-16 22:53:55,438]  Running job Every 1 second do main_calendar() (last run: [never], next run: 2018-07-16 22:53:55)
__init__.py[LINE:410]# INFO     [2018-07-16 22:53:58,221]  Running job Every 1 second do main_calendar() (last run: 2018-07-16 22:53:57, next run: 2018-07-16 22:53:58)
__init__.py[LINE:410]# INFO     [2018-07-16 22:56:28,257]  Running job Every 1 second do main_calendar() (last run: [never], next run: 2018-07-16 22:56:28)
__init__.py[LINE:410]# INFO     [2018-07-16 22:56:53,100]  Running job Every 1 second do main_calendar() (last run: [never], next run: 2018-07-16 22:56:53)
__init__.py[LINE:410]# INFO     [2018-07-16 22:56:55,640]  Running job Every 1 second do main_calendar() (last run: 2018-07-16 22:56:54, next run: 2018-07-16 22:56:55)
__init__.py[LINE:410]# INFO     [2018-07-16 23:05:57,453]  Running job Every 1 second do main_calendar() (last run: [never], next run: 2018-07-16 23:05:57)
__init__.py[LINE:410]# INFO     [2018-07-16 23:06:00,028]  Running job Every 1 second do main_calendar() (last run: 2018-07-16 23:05:59, next run: 2018-07-16 23:06:00)
__init__.py[LINE:410]# INFO     [2018-07-16 23:06:58,189]  Running job Every 1 second do main_calendar() (last run: [never], next run: 2018-07-16 23:06:58)
__init__.py[LINE:410]# INFO     [2018-07-16 23:07:00,788]  Running job Every 1 second do main_calendar() (last run: 2018-07-16 23:06:59, next run: 2018-07-16 23:07:00)
__init__.py[LINE:410]# INFO     [2018-07-17 10:11:55,230]  Running job Every 1 second do main_calendar() (last run: [never], next run: 2018-07-17 10:11:55)
__init__.py[LINE:410]# INFO     [2018-07-17 10:12:05,013]  Running job Every 1 second do main_calendar() (last run: [never], next run: 2018-07-17 10:12:05)
__init__.py[LINE:410]# INFO     [2018-07-17 10:13:19,864]  Running job Every 1 second do main_calendar() (last run: [never], next run: 2018-07-17 10:13:19)
__init__.py[LINE:410]# INFO     [2018-07-17 10:19:11,981]  Running job Every 1 second do main_calendar() (last run: [never], next run: 2018-07-17 10:19:11)
__init__.py[LINE:410]# INFO     [2018-07-17 10:19:13,750]  Running job Every 1 second do main_calendar() (last run: 2018-07-17 10:19:12, next run: 2018-07-17 10:19:13)
__init__.py[LINE:410]# INFO     [2018-07-17 10:19:15,260]  Running job Every 1 second do main_calendar() (last run: 2018-07-17 10:19:14, next run: 2018-07-17 10:19:15)
__init__.py[LINE:410]# INFO     [2018-07-17 10:19:16,748]  Running job Every 1 second do main_calendar() (last run: 2018-07-17 10:19:15, next run: 2018-07-17 10:19:16)
__init__.py[LINE:410]# INFO     [2018-07-17 10:19:18,243]  Running job Every 1 second do main_calendar() (last run: 2018-07-17 10:19:17, next run: 2018-07-17 10:19:18)
__init__.py[LINE:410]# INFO     [2018-07-17 10:19:19,805]  Running job Every 1 second do main_calendar() (last run: 2018-07-17 10:19:18, next run: 2018-07-17 10:19:19)
__init__.py[LINE:410]# INFO     [2018-07-17 10:19:21,309]  Running job Every 1 second do main_calendar() (last run: 2018-07-17 10:19:20, next run: 2018-07-17 10:19:21)
__init__.py[LINE:410]# INFO     [2018-07-17 10:19:22,806]  Running job Every 1 second do main_calendar() (last run: 2018-07-17 10:19:21, next run: 2018-07-17 10:19:22)
__init__.py[LINE:410]# INFO     [2018-07-17 10:19:24,255]  Running job Every 1 second do main_calendar() (last run: 2018-07-17 10:19:23, next run: 2018-07-17 10:19:24)
__init__.py[LINE:410]# INFO     [2018-07-17 10:19:25,937]  Running job Every 1 second do main_calendar() (last run: 2018-07-17 10:19:24, next run: 2018-07-17 10:19:25)
__init__.py[LINE:410]# INFO     [2018-07-17 10:19:27,405]  Running job Every 1 second do main_calendar() (last run: 2018-07-17 10:19:26, next run: 2018-07-17 10:19:27)
__init__.py[LINE:410]# INFO     [2018-07-17 10:19:38,132]  Running job Every 1 second do main_current() (last run: [never], next run: 2018-07-17 10:19:38)
__init__.py[LINE:410]# INFO     [2018-07-17 10:19:39,843]  Running job Every 1 second do main_current() (last run: 2018-07-17 10:19:38, next run: 2018-07-17 10:19:39)
__init__.py[LINE:410]# INFO     [2018-07-17 10:19:41,155]  Running job Every 1 second do main_current() (last run: 2018-07-17 10:19:40, next run: 2018-07-17 10:19:41)
__init__.py[LINE:410]# INFO     [2018-07-17 10:19:42,447]  Running job Every 1 second do main_current() (last run: 2018-07-17 10:19:41, next run: 2018-07-17 10:19:42)
__init__.py[LINE:410]# INFO     [2018-07-17 10:19:43,906]  Running job Every 1 second do main_current() (last run: 2018-07-17 10:19:42, next run: 2018-07-17 10:19:43)
__init__.py[LINE:410]# INFO     [2018-07-17 10:19:45,323]  Running job Every 1 second do main_current() (last run: 2018-07-17 10:19:44, next run: 2018-07-17 10:19:45)
__init__.py[LINE:410]# INFO     [2018-07-17 10:19:46,689]  Running job Every 1 second do main_current() (last run: 2018-07-17 10:19:45, next run: 2018-07-17 10:19:46)
__init__.py[LINE:410]# INFO     [2018-07-17 10:19:48,118]  Running job Every 10 seconds do main_calendar() (last run: [never], next run: 2018-07-17 10:19:47)
__init__.py[LINE:410]# INFO     [2018-07-17 10:19:49,132]  Running job Every 1 second do main_current() (last run: 2018-07-17 10:19:47, next run: 2018-07-17 10:19:48)
__init__.py[LINE:410]# INFO     [2018-07-17 10:19:50,456]  Running job Every 1 second do main_current() (last run: 2018-07-17 10:19:49, next run: 2018-07-17 10:19:50)
__init__.py[LINE:410]# INFO     [2018-07-17 10:19:51,800]  Running job Every 1 second do main_current() (last run: 2018-07-17 10:19:50, next run: 2018-07-17 10:19:51)
__init__.py[LINE:410]# INFO     [2018-07-17 10:19:53,161]  Running job Every 1 second do main_current() (last run: 2018-07-17 10:19:52, next run: 2018-07-17 10:19:53)
__init__.py[LINE:410]# INFO     [2018-07-17 10:19:54,546]  Running job Every 1 second do main_current() (last run: 2018-07-17 10:19:53, next run: 2018-07-17 10:19:54)
__init__.py[LINE:410]# INFO     [2018-07-17 10:19:55,895]  Running job Every 1 second do main_current() (last run: 2018-07-17 10:19:54, next run: 2018-07-17 10:19:55)
__init__.py[LINE:410]# INFO     [2018-07-17 10:19:57,246]  Running job Every 1 second do main_current() (last run: 2018-07-17 10:19:56, next run: 2018-07-17 10:19:57)
__init__.py[LINE:410]# INFO     [2018-07-17 10:19:58,601]  Running job Every 1 second do main_current() (last run: 2018-07-17 10:19:57, next run: 2018-07-17 10:19:58)
__init__.py[LINE:410]# INFO     [2018-07-17 10:20:00,033]  Running job Every 10 seconds do main_calendar() (last run: 2018-07-17 10:19:49, next run: 2018-07-17 10:19:59)
__init__.py[LINE:410]# INFO     [2018-07-17 10:20:00,548]  Running job Every 1 second do main_current() (last run: 2018-07-17 10:19:59, next run: 2018-07-17 10:20:00)
__init__.py[LINE:410]# INFO     [2018-07-17 10:20:01,924]  Running job Every 1 second do main_current() (last run: 2018-07-17 10:20:00, next run: 2018-07-17 10:20:01)
__init__.py[LINE:410]# INFO     [2018-07-17 10:20:04,618]  Running job Every 1 second do main_current() (last run: 2018-07-17 10:20:03, next run: 2018-07-17 10:20:04)
__init__.py[LINE:410]# INFO     [2018-07-17 10:20:05,961]  Running job Every 1 second do main_current() (last run: 2018-07-17 10:20:04, next run: 2018-07-17 10:20:05)
__init__.py[LINE:410]# INFO     [2018-07-17 10:20:07,319]  Running job Every 1 second do main_current() (last run: 2018-07-17 10:20:06, next run: 2018-07-17 10:20:07)
__init__.py[LINE:410]# INFO     [2018-07-17 10:20:08,685]  Running job Every 1 second do main_current() (last run: 2018-07-17 10:20:07, next run: 2018-07-17 10:20:08)
__init__.py[LINE:410]# INFO     [2018-07-17 10:20:10,071]  Running job Every 1 second do main_current() (last run: 2018-07-17 10:20:09, next run: 2018-07-17 10:20:10)
__init__.py[LINE:410]# INFO     [2018-07-17 10:20:11,593]  Running job Every 10 seconds do main_calendar() (last run: 2018-07-17 10:20:00, next run: 2018-07-17 10:20:10)
__init__.py[LINE:410]# INFO     [2018-07-17 10:20:12,055]  Running job Every 1 second do main_current() (last run: 2018-07-17 10:20:10, next run: 2018-07-17 10:20:11)
__init__.py[LINE:410]# INFO     [2018-07-17 10:20:13,394]  Running job Every 1 second do main_current() (last run: 2018-07-17 10:20:12, next run: 2018-07-17 10:20:13)
__init__.py[LINE:410]# INFO     [2018-07-17 10:20:14,745]  Running job Every 1 second do main_current() (last run: 2018-07-17 10:20:13, next run: 2018-07-17 10:20:14)
__init__.py[LINE:410]# INFO     [2018-07-17 10:20:38,165]  Running job Every 1 second do main_current() (last run: [never], next run: 2018-07-17 10:20:38)
__init__.py[LINE:410]# INFO     [2018-07-17 10:20:39,683]  Running job Every 1 second do main_current() (last run: 2018-07-17 10:20:38, next run: 2018-07-17 10:20:39)
__init__.py[LINE:410]# INFO     [2018-07-17 10:20:41,025]  Running job Every 1 second do main_current() (last run: 2018-07-17 10:20:40, next run: 2018-07-17 10:20:41)
__init__.py[LINE:410]# INFO     [2018-07-17 10:20:42,404]  Running job Every 1 second do main_current() (last run: 2018-07-17 10:20:41, next run: 2018-07-17 10:20:42)
__init__.py[LINE:410]# INFO     [2018-07-17 10:20:44,503]  Running job Every 1 second do main_current() (last run: 2018-07-17 10:20:43, next run: 2018-07-17 10:20:44)
__init__.py[LINE:410]# INFO     [2018-07-17 10:21:03,660]  Running job Every 1 second do main_current() (last run: [never], next run: 2018-07-17 10:21:03)
__init__.py[LINE:410]# INFO     [2018-07-17 10:21:05,193]  Running job Every 1 second do main_current() (last run: 2018-07-17 10:21:04, next run: 2018-07-17 10:21:05)
__init__.py[LINE:410]# INFO     [2018-07-17 10:21:06,520]  Running job Every 1 second do main_current() (last run: 2018-07-17 10:21:05, next run: 2018-07-17 10:21:06)
__init__.py[LINE:410]# INFO     [2018-07-17 10:21:07,854]  Running job Every 1 second do main_current() (last run: 2018-07-17 10:21:06, next run: 2018-07-17 10:21:07)
__init__.py[LINE:410]# INFO     [2018-07-17 10:21:09,158]  Running job Every 1 second do main_current() (last run: 2018-07-17 10:21:08, next run: 2018-07-17 10:21:09)
__init__.py[LINE:410]# INFO     [2018-07-17 10:21:10,870]  Running job Every 1 second do main_current() (last run: 2018-07-17 10:21:09, next run: 2018-07-17 10:21:10)
__init__.py[LINE:410]# INFO     [2018-07-17 10:21:21,163]  Running job Every 1 second do main_current() (last run: [never], next run: 2018-07-17 10:21:21)
__init__.py[LINE:410]# INFO     [2018-07-17 10:21:46,519]  Running job Every 1 second do main_current() (last run: [never], next run: 2018-07-17 10:21:46)
__init__.py[LINE:410]# INFO     [2018-07-17 10:21:48,075]  Running job Every 1 second do main_current() (last run: 2018-07-17 10:21:47, next run: 2018-07-17 10:21:48)
__init__.py[LINE:410]# INFO     [2018-07-17 10:21:49,423]  Running job Every 1 second do main_current() (last run: 2018-07-17 10:21:48, next run: 2018-07-17 10:21:49)
__init__.py[LINE:410]# INFO     [2018-07-17 10:21:50,750]  Running job Every 1 second do main_current() (last run: 2018-07-17 10:21:49, next run: 2018-07-17 10:21:50)
__init__.py[LINE:410]# INFO     [2018-07-17 10:21:52,081]  Running job Every 1 second do main_current() (last run: 2018-07-17 10:21:51, next run: 2018-07-17 10:21:52)
__init__.py[LINE:410]# INFO     [2018-07-17 20:39:25,609]  Running job Every 1 second do main_calendar() (last run: [never], next run: 2018-07-17 20:39:25)
__init__.py[LINE:410]# INFO     [2018-07-17 20:39:28,008]  Running job Every 1 second do main_calendar() (last run: 2018-07-17 20:39:27, next run: 2018-07-17 20:39:28)
__init__.py[LINE:410]# INFO     [2018-07-17 20:40:10,272]  Running job Every 1 second do main_calendar() (last run: [never], next run: 2018-07-17 20:40:10)
__init__.py[LINE:410]# INFO     [2018-07-17 20:40:28,206]  Running job Every 1 second do main_calendar() (last run: 2018-07-17 20:40:13, next run: 2018-07-17 20:40:14)
__init__.py[LINE:410]# INFO     [2018-07-17 20:41:46,788]  Running job Every 1 second do main_calendar() (last run: [never], next run: 2018-07-17 20:41:46)
__init__.py[LINE:410]# INFO     [2018-07-17 20:41:49,325]  Running job Every 1 second do main_calendar() (last run: 2018-07-17 20:41:48, next run: 2018-07-17 20:41:49)
__init__.py[LINE:410]# INFO     [2018-07-17 20:42:24,495]  Running job Every 1 second do main_calendar() (last run: [never], next run: 2018-07-17 20:42:24)
__init__.py[LINE:410]# INFO     [2018-07-17 20:42:26,846]  Running job Every 1 second do main_calendar() (last run: 2018-07-17 20:42:25, next run: 2018-07-17 20:42:26)
__init__.py[LINE:410]# INFO     [2018-07-17 20:44:50,184]  Running job Every 1 second do main_calendar() (last run: [never], next run: 2018-07-17 20:44:50)
__init__.py[LINE:410]# INFO     [2018-07-17 20:44:52,572]  Running job Every 1 second do main_calendar() (last run: 2018-07-17 20:44:51, next run: 2018-07-17 20:44:52)
__init__.py[LINE:410]# INFO     [2018-07-17 20:49:49,773]  Running job Every 1 second do main_calendar() (last run: [never], next run: 2018-07-17 20:49:49)
__init__.py[LINE:410]# INFO     [2018-07-17 20:49:52,154]  Running job Every 1 second do main_calendar() (last run: 2018-07-17 20:49:51, next run: 2018-07-17 20:49:52)
__init__.py[LINE:410]# INFO     [2018-07-17 20:50:18,006]  Running job Every 1 second do main_calendar() (last run: [never], next run: 2018-07-17 20:50:17)
__init__.py[LINE:410]# INFO     [2018-07-17 20:50:19,890]  Running job Every 1 second do main_calendar() (last run: 2018-07-17 20:50:18, next run: 2018-07-17 20:50:19)
__init__.py[LINE:410]# INFO     [2018-07-17 20:50:44,633]  Running job Every 1 second do main_calendar() (last run: [never], next run: 2018-07-17 20:50:44)
__init__.py[LINE:410]# INFO     [2018-07-17 20:50:48,189]  Running job Every 1 second do main_calendar() (last run: 2018-07-17 20:50:47, next run: 2018-07-17 20:50:48)
__init__.py[LINE:410]# INFO     [2018-07-17 20:54:06,270]  Running job Every 1 second do main_calendar() (last run: [never], next run: 2018-07-17 20:54:06)
__init__.py[LINE:410]# INFO     [2018-07-17 20:54:08,535]  Running job Every 1 second do main_calendar() (last run: 2018-07-17 20:54:07, next run: 2018-07-17 20:54:08)
__init__.py[LINE:410]# INFO     [2018-07-17 21:02:59,325]  Running job Every 1 second do main_calendar() (last run: [never], next run: 2018-07-17 21:02:59)
__init__.py[LINE:410]# INFO     [2018-07-17 21:03:01,778]  Running job Every 1 second do main_calendar() (last run: 2018-07-17 21:03:00, next run: 2018-07-17 21:03:01)
__init__.py[LINE:410]# INFO     [2018-07-17 21:03:18,391]  Running job Every 1 second do main_calendar() (last run: [never], next run: 2018-07-17 21:03:18)
__init__.py[LINE:410]# INFO     [2018-07-17 21:03:21,197]  Running job Every 1 second do main_calendar() (last run: 2018-07-17 21:03:20, next run: 2018-07-17 21:03:21)
__init__.py[LINE:410]# INFO     [2018-07-17 21:14:19,918]  Running job Every 1 second do main_calendar() (last run: [never], next run: 2018-07-17 21:14:19)
__init__.py[LINE:410]# INFO     [2018-07-17 21:14:32,982]  Running job Every 1 second do main_calendar() (last run: 2018-07-17 21:14:31, next run: 2018-07-17 21:14:32)
__init__.py[LINE:410]# INFO     [2018-07-17 21:26:55,573]  Running job Every 1 second do main_calendar() (last run: [never], next run: 2018-07-17 21:26:55)
__init__.py[LINE:410]# INFO     [2018-07-17 21:26:58,106]  Running job Every 1 second do main_calendar() (last run: 2018-07-17 21:26:57, next run: 2018-07-17 21:26:58)
__init__.py[LINE:410]# INFO     [2018-07-17 21:35:01,925]  Running job Every 1 second do main_calendar() (last run: [never], next run: 2018-07-17 21:35:01)
__init__.py[LINE:410]# INFO     [2018-07-17 21:35:04,841]  Running job Every 1 second do main_calendar() (last run: 2018-07-17 21:35:03, next run: 2018-07-17 21:35:04)
__init__.py[LINE:410]# INFO     [2018-07-17 21:40:34,995]  Running job Every 1 second do main_calendar() (last run: [never], next run: 2018-07-17 21:40:34)
__init__.py[LINE:410]# INFO     [2018-07-17 21:40:37,579]  Running job Every 1 second do main_calendar() (last run: 2018-07-17 21:40:36, next run: 2018-07-17 21:40:37)
__init__.py[LINE:410]# INFO     [2018-07-17 21:41:11,594]  Running job Every 1 second do main_calendar() (last run: [never], next run: 2018-07-17 21:41:11)
__init__.py[LINE:410]# INFO     [2018-07-17 21:41:14,185]  Running job Every 1 second do main_calendar() (last run: 2018-07-17 21:41:13, next run: 2018-07-17 21:41:14)
__init__.py[LINE:410]# INFO     [2018-07-17 21:43:59,326]  Running job Every 1 second do main_calendar() (last run: [never], next run: 2018-07-17 21:43:59)
__init__.py[LINE:410]# INFO     [2018-07-17 21:44:02,071]  Running job Every 1 second do main_calendar() (last run: 2018-07-17 21:44:01, next run: 2018-07-17 21:44:02)
__init__.py[LINE:410]# INFO     [2018-07-17 21:44:27,441]  Running job Every 1 second do main_calendar() (last run: [never], next run: 2018-07-17 21:44:27)
__init__.py[LINE:410]# INFO     [2018-07-17 21:44:29,889]  Running job Every 1 second do main_calendar() (last run: 2018-07-17 21:44:28, next run: 2018-07-17 21:44:29)
__init__.py[LINE:410]# INFO     [2018-07-17 21:45:58,209]  Running job Every 1 second do main_calendar() (last run: [never], next run: 2018-07-17 21:45:58)
__init__.py[LINE:410]# INFO     [2018-07-17 21:46:00,698]  Running job Every 1 second do main_calendar() (last run: 2018-07-17 21:45:59, next run: 2018-07-17 21:46:00)
__init__.py[LINE:410]# INFO     [2018-07-17 21:51:24,726]  Running job Every 1 second do main_calendar() (last run: [never], next run: 2018-07-17 21:51:24)
__init__.py[LINE:410]# INFO     [2018-07-17 21:51:27,545]  Running job Every 1 second do main_calendar() (last run: 2018-07-17 21:51:26, next run: 2018-07-17 21:51:27)
__init__.py[LINE:410]# INFO     [2018-07-17 21:53:01,533]  Running job Every 1 second do main_calendar() (last run: [never], next run: 2018-07-17 21:53:01)
__init__.py[LINE:410]# INFO     [2018-07-17 21:53:04,271]  Running job Every 1 second do main_calendar() (last run: 2018-07-17 21:53:03, next run: 2018-07-17 21:53:04)
__init__.py[LINE:410]# INFO     [2018-07-17 21:55:24,281]  Running job Every 1 second do main_calendar() (last run: [never], next run: 2018-07-17 21:55:24)
__init__.py[LINE:410]# INFO     [2018-07-17 21:55:27,224]  Running job Every 1 second do main_calendar() (last run: 2018-07-17 21:55:26, next run: 2018-07-17 21:55:27)
__init__.py[LINE:410]# INFO     [2018-07-17 21:56:00,635]  Running job Every 1 second do main_calendar() (last run: [never], next run: 2018-07-17 21:56:00)
__init__.py[LINE:410]# INFO     [2018-07-17 21:56:03,413]  Running job Every 1 second do main_calendar() (last run: 2018-07-17 21:56:02, next run: 2018-07-17 21:56:03)
__init__.py[LINE:410]# INFO     [2018-07-17 21:56:27,686]  Running job Every 1 second do main_calendar() (last run: [never], next run: 2018-07-17 21:56:27)
__init__.py[LINE:410]# INFO     [2018-07-17 21:56:30,946]  Running job Every 1 second do main_calendar() (last run: 2018-07-17 21:56:29, next run: 2018-07-17 21:56:30)
__init__.py[LINE:410]# INFO     [2018-07-17 22:01:55,417]  Running job Every 1 second do main_calendar() (last run: [never], next run: 2018-07-17 22:01:55)
__init__.py[LINE:410]# INFO     [2018-07-17 22:01:58,186]  Running job Every 1 second do main_calendar() (last run: 2018-07-17 22:01:57, next run: 2018-07-17 22:01:58)
__init__.py[LINE:410]# INFO     [2018-07-17 22:02:18,342]  Running job Every 1 second do main_calendar() (last run: 2018-07-17 22:02:14, next run: 2018-07-17 22:02:15)
__init__.py[LINE:410]# INFO     [2018-07-17 22:04:05,346]  Running job Every 1 second do main_calendar() (last run: [never], next run: 2018-07-17 22:04:05)
__init__.py[LINE:410]# INFO     [2018-07-17 22:04:17,064]  Running job Every 1 second do main_calendar() (last run: [never], next run: 2018-07-17 22:04:17)
__init__.py[LINE:410]# INFO     [2018-07-17 22:04:19,908]  Running job Every 1 second do main_calendar() (last run: 2018-07-17 22:04:18, next run: 2018-07-17 22:04:19)
__init__.py[LINE:410]# INFO     [2018-07-17 22:05:43,095]  Running job Every 1 second do main_calendar() (last run: [never], next run: 2018-07-17 22:05:43)
__init__.py[LINE:410]# INFO     [2018-07-17 22:08:45,285]  Running job Every 1 second do main_calendar() (last run: [never], next run: 2018-07-17 22:08:45)
__init__.py[LINE:410]# INFO     [2018-07-17 22:08:48,191]  Running job Every 1 second do main_calendar() (last run: 2018-07-17 22:08:47, next run: 2018-07-17 22:08:48)
__init__.py[LINE:410]# INFO     [2018-07-17 22:26:41,278]  Running job Every 1 minute do main_current() (last run: [never], next run: 2018-07-17 22:26:40)
__init__.py[LINE:410]# INFO     [2018-07-17 22:27:42,396]  Running job Every 1 minute do main_current() (last run: 2018-07-17 22:26:41, next run: 2018-07-17 22:27:41)
__init__.py[LINE:410]# INFO     [2018-07-17 22:28:43,303]  Running job Every 1 minute do main_current() (last run: 2018-07-17 22:27:42, next run: 2018-07-17 22:28:42)
__init__.py[LINE:410]# INFO     [2018-07-17 22:29:44,168]  Running job Every 1 minute do main_current() (last run: 2018-07-17 22:28:43, next run: 2018-07-17 22:29:43)
__init__.py[LINE:410]# INFO     [2018-07-17 22:30:45,108]  Running job Every 1 minute do main_current() (last run: 2018-07-17 22:29:44, next run: 2018-07-17 22:30:44)
__init__.py[LINE:410]# INFO     [2018-07-17 22:31:46,239]  Running job Every 1 minute do main_current() (last run: 2018-07-17 22:30:45, next run: 2018-07-17 22:31:45)
__init__.py[LINE:410]# INFO     [2018-07-17 22:32:47,182]  Running job Every 1 minute do main_current() (last run: 2018-07-17 22:31:46, next run: 2018-07-17 22:32:46)
__init__.py[LINE:410]# INFO     [2018-07-17 22:33:48,087]  Running job Every 1 minute do main_current() (last run: 2018-07-17 22:32:47, next run: 2018-07-17 22:33:47)
__init__.py[LINE:410]# INFO     [2018-07-17 22:34:49,040]  Running job Every 1 minute do main_current() (last run: 2018-07-17 22:33:48, next run: 2018-07-17 22:34:48)
__init__.py[LINE:410]# INFO     [2018-07-17 22:35:40,903]  Running job Every 10 minutes do main_calendar() (last run: [never], next run: 2018-07-17 22:35:40)
__init__.py[LINE:410]# INFO     [2018-07-17 22:35:49,832]  Running job Every 1 minute do main_current() (last run: 2018-07-17 22:34:49, next run: 2018-07-17 22:35:49)
__init__.py[LINE:410]# INFO     [2018-07-17 22:36:50,801]  Running job Every 1 minute do main_current() (last run: 2018-07-17 22:35:50, next run: 2018-07-17 22:36:50)
__init__.py[LINE:410]# INFO     [2018-07-17 22:37:51,737]  Running job Every 1 minute do main_current() (last run: 2018-07-17 22:36:51, next run: 2018-07-17 22:37:51)
__init__.py[LINE:410]# INFO     [2018-07-17 22:38:52,666]  Running job Every 1 minute do main_current() (last run: 2018-07-17 22:37:52, next run: 2018-07-17 22:38:52)
__init__.py[LINE:410]# INFO     [2018-07-17 22:39:56,581]  Running job Every 1 minute do main_current() (last run: 2018-07-17 22:38:56, next run: 2018-07-17 22:39:56)
__init__.py[LINE:410]# INFO     [2018-07-17 22:40:57,641]  Running job Every 1 minute do main_current() (last run: 2018-07-17 22:39:57, next run: 2018-07-17 22:40:57)
__init__.py[LINE:410]# INFO     [2018-07-17 22:41:58,617]  Running job Every 1 minute do main_current() (last run: 2018-07-17 22:40:58, next run: 2018-07-17 22:41:58)
__init__.py[LINE:410]# INFO     [2018-07-17 22:42:59,590]  Running job Every 1 minute do main_current() (last run: 2018-07-17 22:41:59, next run: 2018-07-17 22:42:59)
__init__.py[LINE:410]# INFO     [2018-07-17 22:44:00,522]  Running job Every 1 minute do main_current() (last run: 2018-07-17 22:42:59, next run: 2018-07-17 22:43:59)
__init__.py[LINE:410]# INFO     [2018-07-17 22:45:01,780]  Running job Every 1 minute do main_current() (last run: 2018-07-17 22:44:01, next run: 2018-07-17 22:45:01)
__init__.py[LINE:410]# INFO     [2018-07-17 22:45:42,574]  Running job Every 10 minutes do main_calendar() (last run: 2018-07-17 22:35:41, next run: 2018-07-17 22:45:41)
__init__.py[LINE:410]# INFO     [2018-07-17 23:02:47,379]  Running job Every 1 minute do main_current() (last run: [never], next run: 2018-07-17 23:02:46)
__init__.py[LINE:410]# INFO     [2018-07-17 23:03:47,443]  Running job Every 2 minutes do main_calendar() (last run: [never], next run: 2018-07-17 23:03:46)
__init__.py[LINE:410]# INFO     [2018-07-17 23:03:48,950]  Running job Every 1 minute do main_current() (last run: 2018-07-17 23:02:47, next run: 2018-07-17 23:03:47)
__init__.py[LINE:410]# INFO     [2018-07-17 23:04:49,857]  Running job Every 1 minute do main_current() (last run: 2018-07-17 23:03:49, next run: 2018-07-17 23:04:49)
__init__.py[LINE:410]# INFO     [2018-07-17 23:05:48,707]  Running job Every 2 minutes do main_calendar() (last run: 2018-07-17 23:03:47, next run: 2018-07-17 23:05:47)
__init__.py[LINE:410]# INFO     [2018-07-17 23:09:25,876]  Running job Every 1 minute do main_current() (last run: [never], next run: 2018-07-17 23:09:25)
__init__.py[LINE:410]# INFO     [2018-07-17 23:10:26,042]  Running job Every 2 minutes do main_calendar() (last run: [never], next run: 2018-07-17 23:10:25)
__init__.py[LINE:410]# INFO     [2018-07-17 23:10:27,614]  Running job Every 1 minute do main_current() (last run: 2018-07-17 23:09:26, next run: 2018-07-17 23:10:26)
__init__.py[LINE:410]# INFO     [2018-07-17 23:11:28,426]  Running job Every 1 minute do main_current() (last run: 2018-07-17 23:10:27, next run: 2018-07-17 23:11:27)
__init__.py[LINE:410]# INFO     [2018-07-17 23:12:27,297]  Running job Every 2 minutes do main_calendar() (last run: 2018-07-17 23:10:26, next run: 2018-07-17 23:12:26)
__init__.py[LINE:410]# INFO     [2018-07-17 23:13:07,934]  Running job Every 1 second do main_calendar() (last run: [never], next run: 2018-07-17 23:13:07)
__init__.py[LINE:410]# INFO     [2018-07-17 23:13:09,761]  Running job Every 1 second do main_calendar() (last run: 2018-07-17 23:13:08, next run: 2018-07-17 23:13:09)
__init__.py[LINE:410]# INFO     [2018-07-17 23:13:24,887]  Running job Every 1 second do main_calendar() (last run: [never], next run: 2018-07-17 23:13:24)
__init__.py[LINE:410]# INFO     [2018-07-17 23:13:27,235]  Running job Every 1 second do main_calendar() (last run: 2018-07-17 23:13:26, next run: 2018-07-17 23:13:27)
__init__.py[LINE:410]# INFO     [2018-07-17 23:14:17,837]  Running job Every 1 second do main_calendar() (last run: [never], next run: 2018-07-17 23:14:17)
__init__.py[LINE:410]# INFO     [2018-07-17 23:14:19,535]  Running job Every 1 second do main_calendar() (last run: 2018-07-17 23:14:18, next run: 2018-07-17 23:14:19)
__init__.py[LINE:410]# INFO     [2018-07-17 23:15:30,839]  Running job Every 1 second do main_calendar() (last run: [never], next run: 2018-07-17 23:15:30)
__init__.py[LINE:410]# INFO     [2018-07-17 23:15:32,522]  Running job Every 1 second do main_calendar() (last run: 2018-07-17 23:15:31, next run: 2018-07-17 23:15:32)
__init__.py[LINE:410]# INFO     [2018-07-17 23:15:34,025]  Running job Every 1 second do main_calendar() (last run: 2018-07-17 23:15:33, next run: 2018-07-17 23:15:34)
__init__.py[LINE:410]# INFO     [2018-07-17 23:15:35,565]  Running job Every 1 second do main_calendar() (last run: 2018-07-17 23:15:34, next run: 2018-07-17 23:15:35)
__init__.py[LINE:410]# INFO     [2018-07-17 23:15:37,027]  Running job Every 1 second do main_calendar() (last run: 2018-07-17 23:15:36, next run: 2018-07-17 23:15:37)
__init__.py[LINE:410]# INFO     [2018-07-17 23:15:38,475]  Running job Every 1 second do main_calendar() (last run: 2018-07-17 23:15:37, next run: 2018-07-17 23:15:38)
__init__.py[LINE:410]# INFO     [2018-07-17 23:15:39,973]  Running job Every 1 second do main_calendar() (last run: 2018-07-17 23:15:38, next run: 2018-07-17 23:15:39)
__init__.py[LINE:410]# INFO     [2018-07-17 23:15:41,453]  Running job Every 1 second do main_calendar() (last run: 2018-07-17 23:15:40, next run: 2018-07-17 23:15:41)
__init__.py[LINE:410]# INFO     [2018-07-17 23:15:42,915]  Running job Every 1 second do main_calendar() (last run: 2018-07-17 23:15:41, next run: 2018-07-17 23:15:42)
__init__.py[LINE:410]# INFO     [2018-07-17 23:16:01,089]  Running job Every 1 second do main_calendar() (last run: [never], next run: 2018-07-17 23:16:01)
__init__.py[LINE:410]# INFO     [2018-07-17 23:17:15,966]  Running job Every 1 minute do main_current() (last run: [never], next run: 2018-07-17 23:17:15)
__init__.py[LINE:410]# INFO     [2018-07-17 23:18:15,944]  Running job Every 2 minutes do main_calendar() (last run: [never], next run: 2018-07-17 23:18:15)
__init__.py[LINE:410]# INFO     [2018-07-17 23:18:17,389]  Running job Every 1 minute do main_current() (last run: 2018-07-17 23:17:16, next run: 2018-07-17 23:18:16)
__init__.py[LINE:410]# INFO     [2018-07-17 23:19:18,391]  Running job Every 1 minute do main_current() (last run: 2018-07-17 23:18:17, next run: 2018-07-17 23:19:17)
__init__.py[LINE:410]# INFO     [2018-07-17 23:20:17,245]  Running job Every 2 minutes do main_calendar() (last run: 2018-07-17 23:18:16, next run: 2018-07-17 23:20:16)
__init__.py[LINE:410]# INFO     [2018-07-17 23:20:18,701]  Running job Every 1 minute do main_current() (last run: 2018-07-17 23:19:18, next run: 2018-07-17 23:20:18)
__init__.py[LINE:410]# INFO     [2018-07-17 23:21:19,587]  Running job Every 1 minute do main_current() (last run: 2018-07-17 23:20:18, next run: 2018-07-17 23:21:18)
__init__.py[LINE:410]# INFO     [2018-07-17 23:22:18,457]  Running job Every 2 minutes do main_calendar() (last run: 2018-07-17 23:20:17, next run: 2018-07-17 23:22:17)
__init__.py[LINE:410]# INFO     [2018-07-17 23:22:20,150]  Running job Every 1 minute do main_current() (last run: 2018-07-17 23:21:19, next run: 2018-07-17 23:22:19)
__init__.py[LINE:410]# INFO     [2018-07-17 23:23:20,988]  Running job Every 1 minute do main_current() (last run: 2018-07-17 23:22:20, next run: 2018-07-17 23:23:20)
__init__.py[LINE:410]# INFO     [2018-07-17 23:24:19,844]  Running job Every 2 minutes do main_calendar() (last run: 2018-07-17 23:22:19, next run: 2018-07-17 23:24:19)
__init__.py[LINE:410]# INFO     [2018-07-17 23:24:21,339]  Running job Every 1 minute do main_current() (last run: 2018-07-17 23:23:21, next run: 2018-07-17 23:24:21)
__init__.py[LINE:410]# INFO     [2018-07-17 23:25:22,266]  Running job Every 1 minute do main_current() (last run: 2018-07-17 23:24:21, next run: 2018-07-17 23:25:21)
__init__.py[LINE:410]# INFO     [2018-07-17 23:26:21,261]  Running job Every 2 minutes do main_calendar() (last run: 2018-07-17 23:24:20, next run: 2018-07-17 23:26:20)
__init__.py[LINE:410]# INFO     [2018-07-17 23:26:23,042]  Running job Every 1 minute do main_current() (last run: 2018-07-17 23:25:22, next run: 2018-07-17 23:26:22)
__init__.py[LINE:410]# INFO     [2018-07-17 23:27:23,602]  Running job Every 1 minute do main_current() (last run: 2018-07-17 23:26:23, next run: 2018-07-17 23:27:23)
__init__.py[LINE:410]# INFO     [2018-07-17 23:28:22,349]  Running job Every 2 minutes do main_calendar() (last run: 2018-07-17 23:26:22, next run: 2018-07-17 23:28:22)
__init__.py[LINE:410]# INFO     [2018-07-17 23:28:24,847]  Running job Every 1 minute do main_current() (last run: 2018-07-17 23:27:23, next run: 2018-07-17 23:28:23)
__init__.py[LINE:410]# INFO     [2018-07-17 23:29:25,876]  Running job Every 1 minute do main_current() (last run: 2018-07-17 23:28:25, next run: 2018-07-17 23:29:25)
__init__.py[LINE:410]# INFO     [2018-07-17 23:30:23,721]  Running job Every 2 minutes do main_calendar() (last run: 2018-07-17 23:28:22, next run: 2018-07-17 23:30:22)
__init__.py[LINE:410]# INFO     [2018-07-17 23:30:26,194]  Running job Every 1 minute do main_current() (last run: 2018-07-17 23:29:26, next run: 2018-07-17 23:30:26)
__init__.py[LINE:410]# INFO     [2018-07-17 23:31:27,034]  Running job Every 1 minute do main_current() (last run: 2018-07-17 23:30:26, next run: 2018-07-17 23:31:26)
__init__.py[LINE:410]# INFO     [2018-07-17 23:32:24,187]  Running job Every 2 minutes do main_calendar() (last run: 2018-07-17 23:30:24, next run: 2018-07-17 23:32:24)
main.py[LINE:194]# ERROR    [2018-07-17 23:32:24,647]  [datetime.datetime(2018, 7, 20, 23, 32, 24, 565092)]
main.py[LINE:194]# ERROR    [2018-07-17 23:32:24,647]  [datetime.datetime(2018, 7, 20, 23, 32, 24, 565092), 20]
main.py[LINE:194]# ERROR    [2018-07-17 23:32:24,648]  [datetime.datetime(2018, 7, 20, 23, 32, 24, 565092), 20, 28]
main.py[LINE:194]# ERROR    [2018-07-17 23:32:24,648]  [datetime.datetime(2018, 7, 20, 23, 32, 24, 565092), 20, 28, 'Облачно с прояснениями']
main.py[LINE:194]# ERROR    [2018-07-17 23:32:24,648]  [datetime.datetime(2018, 7, 20, 23, 32, 24, 565092), 20, 28, 'Облачно с прояснениями', 751]
main.py[LINE:194]# ERROR    [2018-07-17 23:32:24,648]  [datetime.datetime(2018, 7, 20, 23, 32, 24, 565092), 20, 28, 'Облачно с прояснениями', 751, 72]
main.py[LINE:194]# ERROR    [2018-07-17 23:32:24,648]  [datetime.datetime(2018, 7, 20, 23, 32, 24, 565092), 20, 28, 'Облачно с прояснениями', 751, 72, 26]
main.py[LINE:194]# ERROR    [2018-07-17 23:32:24,648]  [datetime.datetime(2018, 7, 20, 23, 32, 24, 565092), 20, 28, 'Облачно с прояснениями', 751, 72, 26, 29]
main.py[LINE:194]# ERROR    [2018-07-17 23:32:24,648]  [datetime.datetime(2018, 7, 20, 23, 32, 24, 565092), 20, 28, 'Облачно с прояснениями', 751, 72, 26, 29, 29]
main.py[LINE:194]# ERROR    [2018-07-17 23:32:24,648]  [datetime.datetime(2018, 7, 20, 23, 32, 24, 565092), 20, 28, 'Облачно с прояснениями', 751, 72, 26, 29, 29, 'Небольшой дождь']
main.py[LINE:194]# ERROR    [2018-07-17 23:32:24,648]  [datetime.datetime(2018, 7, 20, 23, 32, 24, 565092), 20, 28, 'Облачно с прояснениями', 751, 72, 26, 29, 29, 'Небольшой дождь', 750]
main.py[LINE:194]# ERROR    [2018-07-17 23:32:24,648]  [datetime.datetime(2018, 7, 20, 23, 32, 24, 565092), 20, 28, 'Облачно с прояснениями', 751, 72, 26, 29, 29, 'Небольшой дождь', 750, 52]
main.py[LINE:194]# ERROR    [2018-07-17 23:32:24,648]  [datetime.datetime(2018, 7, 20, 23, 32, 24, 565092), 20, 28, 'Облачно с прояснениями', 751, 72, 26, 29, 29, 'Небольшой дождь', 750, 52, 31]
main.py[LINE:194]# ERROR    [2018-07-17 23:32:24,648]  [datetime.datetime(2018, 7, 20, 23, 32, 24, 565092), 20, 28, 'Облачно с прояснениями', 751, 72, 26, 29, 29, 'Небольшой дождь', 750, 52, 31, 22]
main.py[LINE:194]# ERROR    [2018-07-17 23:32:24,648]  [datetime.datetime(2018, 7, 20, 23, 32, 24, 565092), 20, 28, 'Облачно с прояснениями', 751, 72, 26, 29, 29, 'Небольшой дождь', 750, 52, 31, 22, 27]
main.py[LINE:194]# ERROR    [2018-07-17 23:32:24,648]  [datetime.datetime(2018, 7, 20, 23, 32, 24, 565092), 20, 28, 'Облачно с прояснениями', 751, 72, 26, 29, 29, 'Небольшой дождь', 750, 52, 31, 22, 27, 'Небольшой дождь']
main.py[LINE:194]# ERROR    [2018-07-17 23:32:24,648]  [datetime.datetime(2018, 7, 20, 23, 32, 24, 565092), 20, 28, 'Облачно с прояснениями', 751, 72, 26, 29, 29, 'Небольшой дождь', 750, 52, 31, 22, 27, 'Небольшой дождь', 750]
main.py[LINE:194]# ERROR    [2018-07-17 23:32:24,648]  [datetime.datetime(2018, 7, 20, 23, 32, 24, 565092), 20, 28, 'Облачно с прояснениями', 751, 72, 26, 29, 29, 'Небольшой дождь', 750, 52, 31, 22, 27, 'Небольшой дождь', 750, 74]
main.py[LINE:194]# ERROR    [2018-07-17 23:32:24,648]  [datetime.datetime(2018, 7, 20, 23, 32, 24, 565092), 20, 28, 'Облачно с прояснениями', 751, 72, 26, 29, 29, 'Небольшой дождь', 750, 52, 31, 22, 27, 'Небольшой дождь', 750, 74, 27]
main.py[LINE:194]# ERROR    [2018-07-17 23:32:24,649]  [datetime.datetime(2018, 7, 20, 23, 32, 24, 565092), 20, 28, 'Облачно с прояснениями', 751, 72, 26, 29, 29, 'Небольшой дождь', 750, 52, 31, 22, 27, 'Небольшой дождь', 750, 74, 27, 19]
main.py[LINE:194]# ERROR    [2018-07-17 23:32:24,649]  [datetime.datetime(2018, 7, 20, 23, 32, 24, 565092), 20, 28, 'Облачно с прояснениями', 751, 72, 26, 29, 29, 'Небольшой дождь', 750, 52, 31, 22, 27, 'Небольшой дождь', 750, 74, 27, 19, 21]
main.py[LINE:194]# ERROR    [2018-07-17 23:32:24,649]  [datetime.datetime(2018, 7, 20, 23, 32, 24, 565092), 20, 28, 'Облачно с прояснениями', 751, 72, 26, 29, 29, 'Небольшой дождь', 750, 52, 31, 22, 27, 'Небольшой дождь', 750, 74, 27, 19, 21, 'Пасмурно']
main.py[LINE:194]# ERROR    [2018-07-17 23:32:24,649]  [datetime.datetime(2018, 7, 20, 23, 32, 24, 565092), 20, 28, 'Облачно с прояснениями', 751, 72, 26, 29, 29, 'Небольшой дождь', 750, 52, 31, 22, 27, 'Небольшой дождь', 750, 74, 27, 19, 21, 'Пасмурно', 750]
main.py[LINE:194]# ERROR    [2018-07-17 23:32:24,649]  [datetime.datetime(2018, 7, 20, 23, 32, 24, 565092), 20, 28, 'Облачно с прояснениями', 751, 72, 26, 29, 29, 'Небольшой дождь', 750, 52, 31, 22, 27, 'Небольшой дождь', 750, 74, 27, 19, 21, 'Пасмурно', 750, 87]
main.py[LINE:194]# ERROR    [2018-07-17 23:32:24,649]  [datetime.datetime(2018, 7, 20, 23, 32, 24, 565092), 20, 28, 'Облачно с прояснениями', 751, 72, 26, 29, 29, 'Небольшой дождь', 750, 52, 31, 22, 27, 'Небольшой дождь', 750, 74, 27, 19, 21, 'Пасмурно', 750, 87, 22]
main.py[LINE:194]# ERROR    [2018-07-17 23:32:24,649]  [datetime.datetime(2018, 7, 20, 23, 32, 24, 565092), 20, 28, 'Облачно с прояснениями', 751, 72, 26, 29, 29, 'Небольшой дождь', 750, 52, 31, 22, 27, 'Небольшой дождь', 750, 74, 27, 19, 21, 'Пасмурно', 750, 87, 22, datetime.datetime(2018, 7, 25, 23, 32, 24, 621141)]
main.py[LINE:194]# ERROR    [2018-07-17 23:32:24,649]  [datetime.datetime(2018, 7, 20, 23, 32, 24, 565092), 20, 28, 'Облачно с прояснениями', 751, 72, 26, 29, 29, 'Небольшой дождь', 750, 52, 31, 22, 27, 'Небольшой дождь', 750, 74, 27, 19, 21, 'Пасмурно', 750, 87, 22, datetime.datetime(2018, 7, 25, 23, 32, 24, 621141), 19]
main.py[LINE:194]# ERROR    [2018-07-17 23:32:24,649]  [datetime.datetime(2018, 7, 20, 23, 32, 24, 565092), 20, 28, 'Облачно с прояснениями', 751, 72, 26, 29, 29, 'Небольшой дождь', 750, 52, 31, 22, 27, 'Небольшой дождь', 750, 74, 27, 19, 21, 'Пасмурно', 750, 87, 22, datetime.datetime(2018, 7, 25, 23, 32, 24, 621141), 19, 26]
main.py[LINE:194]# ERROR    [2018-07-17 23:32:24,649]  [datetime.datetime(2018, 7, 20, 23, 32, 24, 565092), 20, 28, 'Облачно с прояснениями', 751, 72, 26, 29, 29, 'Небольшой дождь', 750, 52, 31, 22, 27, 'Небольшой дождь', 750, 74, 27, 19, 21, 'Пасмурно', 750, 87, 22, datetime.datetime(2018, 7, 25, 23, 32, 24, 621141), 19, 26, 'Пасмурно']
main.py[LINE:194]# ERROR    [2018-07-17 23:32:24,649]  [datetime.datetime(2018, 7, 20, 23, 32, 24, 565092), 20, 28, 'Облачно с прояснениями', 751, 72, 26, 29, 29, 'Небольшой дождь', 750, 52, 31, 22, 27, 'Небольшой дождь', 750, 74, 27, 19, 21, 'Пасмурно', 750, 87, 22, datetime.datetime(2018, 7, 25, 23, 32, 24, 621141), 19, 26, 'Пасмурно', 758]
main.py[LINE:194]# ERROR    [2018-07-17 23:32:24,649]  [datetime.datetime(2018, 7, 20, 23, 32, 24, 565092), 20, 28, 'Облачно с прояснениями', 751, 72, 26, 29, 29, 'Небольшой дождь', 750, 52, 31, 22, 27, 'Небольшой дождь', 750, 74, 27, 19, 21, 'Пасмурно', 750, 87, 22, datetime.datetime(2018, 7, 25, 23, 32, 24, 621141), 19, 26, 'Пасмурно', 758, 54]
main.py[LINE:194]# ERROR    [2018-07-17 23:32:24,649]  [datetime.datetime(2018, 7, 20, 23, 32, 24, 565092), 20, 28, 'Облачно с прояснениями', 751, 72, 26, 29, 29, 'Небольшой дождь', 750, 52, 31, 22, 27, 'Небольшой дождь', 750, 74, 27, 19, 21, 'Пасмурно', 750, 87, 22, datetime.datetime(2018, 7, 25, 23, 32, 24, 621141), 19, 26, 'Пасмурно', 758, 54, 23]
main.py[LINE:194]# ERROR    [2018-07-17 23:32:24,649]  [datetime.datetime(2018, 7, 20, 23, 32, 24, 565092), 20, 28, 'Облачно с прояснениями', 751, 72, 26, 29, 29, 'Небольшой дождь', 750, 52, 31, 22, 27, 'Небольшой дождь', 750, 74, 27, 19, 21, 'Пасмурно', 750, 87, 22, datetime.datetime(2018, 7, 25, 23, 32, 24, 621141), 19, 26, 'Пасмурно', 758, 54, 23, 28]
main.py[LINE:194]# ERROR    [2018-07-17 23:32:24,649]  [datetime.datetime(2018, 7, 20, 23, 32, 24, 565092), 20, 28, 'Облачно с прояснениями', 751, 72, 26, 29, 29, 'Небольшой дождь', 750, 52, 31, 22, 27, 'Небольшой дождь', 750, 74, 27, 19, 21, 'Пасмурно', 750, 87, 22, datetime.datetime(2018, 7, 25, 23, 32, 24, 621141), 19, 26, 'Пасмурно', 758, 54, 23, 28, 29]
main.py[LINE:194]# ERROR    [2018-07-17 23:32:24,649]  [datetime.datetime(2018, 7, 20, 23, 32, 24, 565092), 20, 28, 'Облачно с прояснениями', 751, 72, 26, 29, 29, 'Небольшой дождь', 750, 52, 31, 22, 27, 'Небольшой дождь', 750, 74, 27, 19, 21, 'Пасмурно', 750, 87, 22, datetime.datetime(2018, 7, 25, 23, 32, 24, 621141), 19, 26, 'Пасмурно', 758, 54, 23, 28, 29, 'Пасмурно']
main.py[LINE:194]# ERROR    [2018-07-17 23:32:24,649]  [datetime.datetime(2018, 7, 20, 23, 32, 24, 565092), 20, 28, 'Облачно с прояснениями', 751, 72, 26, 29, 29, 'Небольшой дождь', 750, 52, 31, 22, 27, 'Небольшой дождь', 750, 74, 27, 19, 21, 'Пасмурно', 750, 87, 22, datetime.datetime(2018, 7, 25, 23, 32, 24, 621141), 19, 26, 'Пасмурно', 758, 54, 23, 28, 29, 'Пасмурно', 758]
main.py[LINE:194]# ERROR    [2018-07-17 23:32:24,650]  [datetime.datetime(2018, 7, 20, 23, 32, 24, 565092), 20, 28, 'Облачно с прояснениями', 751, 72, 26, 29, 29, 'Небольшой дождь', 750, 52, 31, 22, 27, 'Небольшой дождь', 750, 74, 27, 19, 21, 'Пасмурно', 750, 87, 22, datetime.datetime(2018, 7, 25, 23, 32, 24, 621141), 19, 26, 'Пасмурно', 758, 54, 23, 28, 29, 'Пасмурно', 758, 37]
main.py[LINE:194]# ERROR    [2018-07-17 23:32:24,650]  [datetime.datetime(2018, 7, 20, 23, 32, 24, 565092), 20, 28, 'Облачно с прояснениями', 751, 72, 26, 29, 29, 'Небольшой дождь', 750, 52, 31, 22, 27, 'Небольшой дождь', 750, 74, 27, 19, 21, 'Пасмурно', 750, 87, 22, datetime.datetime(2018, 7, 25, 23, 32, 24, 621141), 19, 26, 'Пасмурно', 758, 54, 23, 28, 29, 'Пасмурно', 758, 37, 29]
main.py[LINE:194]# ERROR    [2018-07-17 23:32:24,650]  [datetime.datetime(2018, 7, 20, 23, 32, 24, 565092), 20, 28, 'Облачно с прояснениями', 751, 72, 26, 29, 29, 'Небольшой дождь', 750, 52, 31, 22, 27, 'Небольшой дождь', 750, 74, 27, 19, 21, 'Пасмурно', 750, 87, 22, datetime.datetime(2018, 7, 25, 23, 32, 24, 621141), 19, 26, 'Пасмурно', 758, 54, 23, 28, 29, 'Пасмурно', 758, 37, 29, 21]
main.py[LINE:194]# ERROR    [2018-07-17 23:32:24,650]  [datetime.datetime(2018, 7, 20, 23, 32, 24, 565092), 20, 28, 'Облачно с прояснениями', 751, 72, 26, 29, 29, 'Небольшой дождь', 750, 52, 31, 22, 27, 'Небольшой дождь', 750, 74, 27, 19, 21, 'Пасмурно', 750, 87, 22, datetime.datetime(2018, 7, 25, 23, 32, 24, 621141), 19, 26, 'Пасмурно', 758, 54, 23, 28, 29, 'Пасмурно', 758, 37, 29, 21, 27]
main.py[LINE:194]# ERROR    [2018-07-17 23:32:24,650]  [datetime.datetime(2018, 7, 20, 23, 32, 24, 565092), 20, 28, 'Облачно с прояснениями', 751, 72, 26, 29, 29, 'Небольшой дождь', 750, 52, 31, 22, 27, 'Небольшой дождь', 750, 74, 27, 19, 21, 'Пасмурно', 750, 87, 22, datetime.datetime(2018, 7, 25, 23, 32, 24, 621141), 19, 26, 'Пасмурно', 758, 54, 23, 28, 29, 'Пасмурно', 758, 37, 29, 21, 27, 'Пасмурно']
main.py[LINE:194]# ERROR    [2018-07-17 23:32:24,650]  [datetime.datetime(2018, 7, 20, 23, 32, 24, 565092), 20, 28, 'Облачно с прояснениями', 751, 72, 26, 29, 29, 'Небольшой дождь', 750, 52, 31, 22, 27, 'Небольшой дождь', 750, 74, 27, 19, 21, 'Пасмурно', 750, 87, 22, datetime.datetime(2018, 7, 25, 23, 32, 24, 621141), 19, 26, 'Пасмурно', 758, 54, 23, 28, 29, 'Пасмурно', 758, 37, 29, 21, 27, 'Пасмурно', 758]
main.py[LINE:194]# ERROR    [2018-07-17 23:32:24,650]  [datetime.datetime(2018, 7, 20, 23, 32, 24, 565092), 20, 28, 'Облачно с прояснениями', 751, 72, 26, 29, 29, 'Небольшой дождь', 750, 52, 31, 22, 27, 'Небольшой дождь', 750, 74, 27, 19, 21, 'Пасмурно', 750, 87, 22, datetime.datetime(2018, 7, 25, 23, 32, 24, 621141), 19, 26, 'Пасмурно', 758, 54, 23, 28, 29, 'Пасмурно', 758, 37, 29, 21, 27, 'Пасмурно', 758, 48]
main.py[LINE:194]# ERROR    [2018-07-17 23:32:24,650]  [datetime.datetime(2018, 7, 20, 23, 32, 24, 565092), 20, 28, 'Облачно с прояснениями', 751, 72, 26, 29, 29, 'Небольшой дождь', 750, 52, 31, 22, 27, 'Небольшой дождь', 750, 74, 27, 19, 21, 'Пасмурно', 750, 87, 22, datetime.datetime(2018, 7, 25, 23, 32, 24, 621141), 19, 26, 'Пасмурно', 758, 54, 23, 28, 29, 'Пасмурно', 758, 37, 29, 21, 27, 'Пасмурно', 758, 48, 24]
main.py[LINE:194]# ERROR    [2018-07-17 23:32:24,650]  [datetime.datetime(2018, 7, 20, 23, 32, 24, 565092), 20, 28, 'Облачно с прояснениями', 751, 72, 26, 29, 29, 'Небольшой дождь', 750, 52, 31, 22, 27, 'Небольшой дождь', 750, 74, 27, 19, 21, 'Пасмурно', 750, 87, 22, datetime.datetime(2018, 7, 25, 23, 32, 24, 621141), 19, 26, 'Пасмурно', 758, 54, 23, 28, 29, 'Пасмурно', 758, 37, 29, 21, 27, 'Пасмурно', 758, 48, 24, 17]
main.py[LINE:194]# ERROR    [2018-07-17 23:32:24,650]  [datetime.datetime(2018, 7, 20, 23, 32, 24, 565092), 20, 28, 'Облачно с прояснениями', 751, 72, 26, 29, 29, 'Небольшой дождь', 750, 52, 31, 22, 27, 'Небольшой дождь', 750, 74, 27, 19, 21, 'Пасмурно', 750, 87, 22, datetime.datetime(2018, 7, 25, 23, 32, 24, 621141), 19, 26, 'Пасмурно', 758, 54, 23, 28, 29, 'Пасмурно', 758, 37, 29, 21, 27, 'Пасмурно', 758, 48, 24, 17, 20]
main.py[LINE:194]# ERROR    [2018-07-17 23:32:24,650]  [datetime.datetime(2018, 7, 20, 23, 32, 24, 565092), 20, 28, 'Облачно с прояснениями', 751, 72, 26, 29, 29, 'Небольшой дождь', 750, 52, 31, 22, 27, 'Небольшой дождь', 750, 74, 27, 19, 21, 'Пасмурно', 750, 87, 22, datetime.datetime(2018, 7, 25, 23, 32, 24, 621141), 19, 26, 'Пасмурно', 758, 54, 23, 28, 29, 'Пасмурно', 758, 37, 29, 21, 27, 'Пасмурно', 758, 48, 24, 17, 20, 'Ясно']
main.py[LINE:194]# ERROR    [2018-07-17 23:32:24,650]  [datetime.datetime(2018, 7, 20, 23, 32, 24, 565092), 20, 28, 'Облачно с прояснениями', 751, 72, 26, 29, 29, 'Небольшой дождь', 750, 52, 31, 22, 27, 'Небольшой дождь', 750, 74, 27, 19, 21, 'Пасмурно', 750, 87, 22, datetime.datetime(2018, 7, 25, 23, 32, 24, 621141), 19, 26, 'Пасмурно', 758, 54, 23, 28, 29, 'Пасмурно', 758, 37, 29, 21, 27, 'Пасмурно', 758, 48, 24, 17, 20, 'Ясно', 759]
main.py[LINE:194]# ERROR    [2018-07-17 23:32:24,650]  [datetime.datetime(2018, 7, 20, 23, 32, 24, 565092), 20, 28, 'Облачно с прояснениями', 751, 72, 26, 29, 29, 'Небольшой дождь', 750, 52, 31, 22, 27, 'Небольшой дождь', 750, 74, 27, 19, 21, 'Пасмурно', 750, 87, 22, datetime.datetime(2018, 7, 25, 23, 32, 24, 621141), 19, 26, 'Пасмурно', 758, 54, 23, 28, 29, 'Пасмурно', 758, 37, 29, 21, 27, 'Пасмурно', 758, 48, 24, 17, 20, 'Ясно', 759, 64]
main.py[LINE:194]# ERROR    [2018-07-17 23:32:24,650]  [datetime.datetime(2018, 7, 20, 23, 32, 24, 565092), 20, 28, 'Облачно с прояснениями', 751, 72, 26, 29, 29, 'Небольшой дождь', 750, 52, 31, 22, 27, 'Небольшой дождь', 750, 74, 27, 19, 21, 'Пасмурно', 750, 87, 22, datetime.datetime(2018, 7, 25, 23, 32, 24, 621141), 19, 26, 'Пасмурно', 758, 54, 23, 28, 29, 'Пасмурно', 758, 37, 29, 21, 27, 'Пасмурно', 758, 48, 24, 17, 20, 'Ясно', 759, 64, 19]
main.py[LINE:194]# ERROR    [2018-07-17 23:32:24,650]  [datetime.datetime(2018, 7, 20, 23, 32, 24, 565092), 20, 28, 'Облачно с прояснениями', 751, 72, 26, 29, 29, 'Небольшой дождь', 750, 52, 31, 22, 27, 'Небольшой дождь', 750, 74, 27, 19, 21, 'Пасмурно', 750, 87, 22, datetime.datetime(2018, 7, 25, 23, 32, 24, 621141), 19, 26, 'Пасмурно', 758, 54, 23, 28, 29, 'Пасмурно', 758, 37, 29, 21, 27, 'Пасмурно', 758, 48, 24, 17, 20, 'Ясно', 759, 64, 19, datetime.datetime(2018, 7, 26, 23, 32, 24, 629574)]
main.py[LINE:194]# ERROR    [2018-07-17 23:32:24,651]  [datetime.datetime(2018, 7, 20, 23, 32, 24, 565092), 20, 28, 'Облачно с прояснениями', 751, 72, 26, 29, 29, 'Небольшой дождь', 750, 52, 31, 22, 27, 'Небольшой дождь', 750, 74, 27, 19, 21, 'Пасмурно', 750, 87, 22, datetime.datetime(2018, 7, 25, 23, 32, 24, 621141), 19, 26, 'Пасмурно', 758, 54, 23, 28, 29, 'Пасмурно', 758, 37, 29, 21, 27, 'Пасмурно', 758, 48, 24, 17, 20, 'Ясно', 759, 64, 19, datetime.datetime(2018, 7, 26, 23, 32, 24, 629574), 20]
main.py[LINE:194]# ERROR    [2018-07-17 23:32:24,651]  [datetime.datetime(2018, 7, 20, 23, 32, 24, 565092), 20, 28, 'Облачно с прояснениями', 751, 72, 26, 29, 29, 'Небольшой дождь', 750, 52, 31, 22, 27, 'Небольшой дождь', 750, 74, 27, 19, 21, 'Пасмурно', 750, 87, 22, datetime.datetime(2018, 7, 25, 23, 32, 24, 621141), 19, 26, 'Пасмурно', 758, 54, 23, 28, 29, 'Пасмурно', 758, 37, 29, 21, 27, 'Пасмурно', 758, 48, 24, 17, 20, 'Ясно', 759, 64, 19, datetime.datetime(2018, 7, 26, 23, 32, 24, 629574), 20, 26]
main.py[LINE:194]# ERROR    [2018-07-17 23:32:24,651]  [datetime.datetime(2018, 7, 20, 23, 32, 24, 565092), 20, 28, 'Облачно с прояснениями', 751, 72, 26, 29, 29, 'Небольшой дождь', 750, 52, 31, 22, 27, 'Небольшой дождь', 750, 74, 27, 19, 21, 'Пасмурно', 750, 87, 22, datetime.datetime(2018, 7, 25, 23, 32, 24, 621141), 19, 26, 'Пасмурно', 758, 54, 23, 28, 29, 'Пасмурно', 758, 37, 29, 21, 27, 'Пасмурно', 758, 48, 24, 17, 20, 'Ясно', 759, 64, 19, datetime.datetime(2018, 7, 26, 23, 32, 24, 629574), 20, 26, 'Облачно с прояснениями']
main.py[LINE:194]# ERROR    [2018-07-17 23:32:24,651]  [datetime.datetime(2018, 7, 20, 23, 32, 24, 565092), 20, 28, 'Облачно с прояснениями', 751, 72, 26, 29, 29, 'Небольшой дождь', 750, 52, 31, 22, 27, 'Небольшой дождь', 750, 74, 27, 19, 21, 'Пасмурно', 750, 87, 22, datetime.datetime(2018, 7, 25, 23, 32, 24, 621141), 19, 26, 'Пасмурно', 758, 54, 23, 28, 29, 'Пасмурно', 758, 37, 29, 21, 27, 'Пасмурно', 758, 48, 24, 17, 20, 'Ясно', 759, 64, 19, datetime.datetime(2018, 7, 26, 23, 32, 24, 629574), 20, 26, 'Облачно с прояснениями', 759]
main.py[LINE:194]# ERROR    [2018-07-17 23:32:24,651]  [datetime.datetime(2018, 7, 20, 23, 32, 24, 565092), 20, 28, 'Облачно с прояснениями', 751, 72, 26, 29, 29, 'Небольшой дождь', 750, 52, 31, 22, 27, 'Небольшой дождь', 750, 74, 27, 19, 21, 'Пасмурно', 750, 87, 22, datetime.datetime(2018, 7, 25, 23, 32, 24, 621141), 19, 26, 'Пасмурно', 758, 54, 23, 28, 29, 'Пасмурно', 758, 37, 29, 21, 27, 'Пасмурно', 758, 48, 24, 17, 20, 'Ясно', 759, 64, 19, datetime.datetime(2018, 7, 26, 23, 32, 24, 629574), 20, 26, 'Облачно с прояснениями', 759, 56]
main.py[LINE:194]# ERROR    [2018-07-17 23:32:24,651]  [datetime.datetime(2018, 7, 20, 23, 32, 24, 565092), 20, 28, 'Облачно с прояснениями', 751, 72, 26, 29, 29, 'Небольшой дождь', 750, 52, 31, 22, 27, 'Небольшой дождь', 750, 74, 27, 19, 21, 'Пасмурно', 750, 87, 22, datetime.datetime(2018, 7, 25, 23, 32, 24, 621141), 19, 26, 'Пасмурно', 758, 54, 23, 28, 29, 'Пасмурно', 758, 37, 29, 21, 27, 'Пасмурно', 758, 48, 24, 17, 20, 'Ясно', 759, 64, 19, datetime.datetime(2018, 7, 26, 23, 32, 24, 629574), 20, 26, 'Облачно с прояснениями', 759, 56, 23]
main.py[LINE:194]# ERROR    [2018-07-17 23:32:24,651]  [datetime.datetime(2018, 7, 20, 23, 32, 24, 565092), 20, 28, 'Облачно с прояснениями', 751, 72, 26, 29, 29, 'Небольшой дождь', 750, 52, 31, 22, 27, 'Небольшой дождь', 750, 74, 27, 19, 21, 'Пасмурно', 750, 87, 22, datetime.datetime(2018, 7, 25, 23, 32, 24, 621141), 19, 26, 'Пасмурно', 758, 54, 23, 28, 29, 'Пасмурно', 758, 37, 29, 21, 27, 'Пасмурно', 758, 48, 24, 17, 20, 'Ясно', 759, 64, 19, datetime.datetime(2018, 7, 26, 23, 32, 24, 629574), 20, 26, 'Облачно с прояснениями', 759, 56, 23, 29]
main.py[LINE:194]# ERROR    [2018-07-17 23:32:24,651]  [datetime.datetime(2018, 7, 20, 23, 32, 24, 565092), 20, 28, 'Облачно с прояснениями', 751, 72, 26, 29, 29, 'Небольшой дождь', 750, 52, 31, 22, 27, 'Небольшой дождь', 750, 74, 27, 19, 21, 'Пасмурно', 750, 87, 22, datetime.datetime(2018, 7, 25, 23, 32, 24, 621141), 19, 26, 'Пасмурно', 758, 54, 23, 28, 29, 'Пасмурно', 758, 37, 29, 21, 27, 'Пасмурно', 758, 48, 24, 17, 20, 'Ясно', 759, 64, 19, datetime.datetime(2018, 7, 26, 23, 32, 24, 629574), 20, 26, 'Облачно с прояснениями', 759, 56, 23, 29, 30]
main.py[LINE:194]# ERROR    [2018-07-17 23:32:24,651]  [datetime.datetime(2018, 7, 20, 23, 32, 24, 565092), 20, 28, 'Облачно с прояснениями', 751, 72, 26, 29, 29, 'Небольшой дождь', 750, 52, 31, 22, 27, 'Небольшой дождь', 750, 74, 27, 19, 21, 'Пасмурно', 750, 87, 22, datetime.datetime(2018, 7, 25, 23, 32, 24, 621141), 19, 26, 'Пасмурно', 758, 54, 23, 28, 29, 'Пасмурно', 758, 37, 29, 21, 27, 'Пасмурно', 758, 48, 24, 17, 20, 'Ясно', 759, 64, 19, datetime.datetime(2018, 7, 26, 23, 32, 24, 629574), 20, 26, 'Облачно с прояснениями', 759, 56, 23, 29, 30, 'Облачно с прояснениями']
main.py[LINE:194]# ERROR    [2018-07-17 23:32:24,651]  [datetime.datetime(2018, 7, 20, 23, 32, 24, 565092), 20, 28, 'Облачно с прояснениями', 751, 72, 26, 29, 29, 'Небольшой дождь', 750, 52, 31, 22, 27, 'Небольшой дождь', 750, 74, 27, 19, 21, 'Пасмурно', 750, 87, 22, datetime.datetime(2018, 7, 25, 23, 32, 24, 621141), 19, 26, 'Пасмурно', 758, 54, 23, 28, 29, 'Пасмурно', 758, 37, 29, 21, 27, 'Пасмурно', 758, 48, 24, 17, 20, 'Ясно', 759, 64, 19, datetime.datetime(2018, 7, 26, 23, 32, 24, 629574), 20, 26, 'Облачно с прояснениями', 759, 56, 23, 29, 30, 'Облачно с прояснениями', 759]
main.py[LINE:194]# ERROR    [2018-07-17 23:32:24,651]  [datetime.datetime(2018, 7, 20, 23, 32, 24, 565092), 20, 28, 'Облачно с прояснениями', 751, 72, 26, 29, 29, 'Небольшой дождь', 750, 52, 31, 22, 27, 'Небольшой дождь', 750, 74, 27, 19, 21, 'Пасмурно', 750, 87, 22, datetime.datetime(2018, 7, 25, 23, 32, 24, 621141), 19, 26, 'Пасмурно', 758, 54, 23, 28, 29, 'Пасмурно', 758, 37, 29, 21, 27, 'Пасмурно', 758, 48, 24, 17, 20, 'Ясно', 759, 64, 19, datetime.datetime(2018, 7, 26, 23, 32, 24, 629574), 20, 26, 'Облачно с прояснениями', 759, 56, 23, 29, 30, 'Облачно с прояснениями', 759, 37]
main.py[LINE:194]# ERROR    [2018-07-17 23:32:24,651]  [datetime.datetime(2018, 7, 20, 23, 32, 24, 565092), 20, 28, 'Облачно с прояснениями', 751, 72, 26, 29, 29, 'Небольшой дождь', 750, 52, 31, 22, 27, 'Небольшой дождь', 750, 74, 27, 19, 21, 'Пасмурно', 750, 87, 22, datetime.datetime(2018, 7, 25, 23, 32, 24, 621141), 19, 26, 'Пасмурно', 758, 54, 23, 28, 29, 'Пасмурно', 758, 37, 29, 21, 27, 'Пасмурно', 758, 48, 24, 17, 20, 'Ясно', 759, 64, 19, datetime.datetime(2018, 7, 26, 23, 32, 24, 629574), 20, 26, 'Облачно с прояснениями', 759, 56, 23, 29, 30, 'Облачно с прояснениями', 759, 37, 30]
main.py[LINE:194]# ERROR    [2018-07-17 23:32:24,651]  [datetime.datetime(2018, 7, 20, 23, 32, 24, 565092), 20, 28, 'Облачно с прояснениями', 751, 72, 26, 29, 29, 'Небольшой дождь', 750, 52, 31, 22, 27, 'Небольшой дождь', 750, 74, 27, 19, 21, 'Пасмурно', 750, 87, 22, datetime.datetime(2018, 7, 25, 23, 32, 24, 621141), 19, 26, 'Пасмурно', 758, 54, 23, 28, 29, 'Пасмурно', 758, 37, 29, 21, 27, 'Пасмурно', 758, 48, 24, 17, 20, 'Ясно', 759, 64, 19, datetime.datetime(2018, 7, 26, 23, 32, 24, 629574), 20, 26, 'Облачно с прояснениями', 759, 56, 23, 29, 30, 'Облачно с прояснениями', 759, 37, 30, 22]
main.py[LINE:194]# ERROR    [2018-07-17 23:32:24,651]  [datetime.datetime(2018, 7, 20, 23, 32, 24, 565092), 20, 28, 'Облачно с прояснениями', 751, 72, 26, 29, 29, 'Небольшой дождь', 750, 52, 31, 22, 27, 'Небольшой дождь', 750, 74, 27, 19, 21, 'Пасмурно', 750, 87, 22, datetime.datetime(2018, 7, 25, 23, 32, 24, 621141), 19, 26, 'Пасмурно', 758, 54, 23, 28, 29, 'Пасмурно', 758, 37, 29, 21, 27, 'Пасмурно', 758, 48, 24, 17, 20, 'Ясно', 759, 64, 19, datetime.datetime(2018, 7, 26, 23, 32, 24, 629574), 20, 26, 'Облачно с прояснениями', 759, 56, 23, 29, 30, 'Облачно с прояснениями', 759, 37, 30, 22, 28]
main.py[LINE:194]# ERROR    [2018-07-17 23:32:24,651]  [datetime.datetime(2018, 7, 20, 23, 32, 24, 565092), 20, 28, 'Облачно с прояснениями', 751, 72, 26, 29, 29, 'Небольшой дождь', 750, 52, 31, 22, 27, 'Небольшой дождь', 750, 74, 27, 19, 21, 'Пасмурно', 750, 87, 22, datetime.datetime(2018, 7, 25, 23, 32, 24, 621141), 19, 26, 'Пасмурно', 758, 54, 23, 28, 29, 'Пасмурно', 758, 37, 29, 21, 27, 'Пасмурно', 758, 48, 24, 17, 20, 'Ясно', 759, 64, 19, datetime.datetime(2018, 7, 26, 23, 32, 24, 629574), 20, 26, 'Облачно с прояснениями', 759, 56, 23, 29, 30, 'Облачно с прояснениями', 759, 37, 30, 22, 28, 'Облачно с прояснениями']
main.py[LINE:194]# ERROR    [2018-07-17 23:32:24,652]  [datetime.datetime(2018, 7, 20, 23, 32, 24, 565092), 20, 28, 'Облачно с прояснениями', 751, 72, 26, 29, 29, 'Небольшой дождь', 750, 52, 31, 22, 27, 'Небольшой дождь', 750, 74, 27, 19, 21, 'Пасмурно', 750, 87, 22, datetime.datetime(2018, 7, 25, 23, 32, 24, 621141), 19, 26, 'Пасмурно', 758, 54, 23, 28, 29, 'Пасмурно', 758, 37, 29, 21, 27, 'Пасмурно', 758, 48, 24, 17, 20, 'Ясно', 759, 64, 19, datetime.datetime(2018, 7, 26, 23, 32, 24, 629574), 20, 26, 'Облачно с прояснениями', 759, 56, 23, 29, 30, 'Облачно с прояснениями', 759, 37, 30, 22, 28, 'Облачно с прояснениями', 759]
main.py[LINE:194]# ERROR    [2018-07-17 23:32:24,652]  [datetime.datetime(2018, 7, 20, 23, 32, 24, 565092), 20, 28, 'Облачно с прояснениями', 751, 72, 26, 29, 29, 'Небольшой дождь', 750, 52, 31, 22, 27, 'Небольшой дождь', 750, 74, 27, 19, 21, 'Пасмурно', 750, 87, 22, datetime.datetime(2018, 7, 25, 23, 32, 24, 621141), 19, 26, 'Пасмурно', 758, 54, 23, 28, 29, 'Пасмурно', 758, 37, 29, 21, 27, 'Пасмурно', 758, 48, 24, 17, 20, 'Ясно', 759, 64, 19, datetime.datetime(2018, 7, 26, 23, 32, 24, 629574), 20, 26, 'Облачно с прояснениями', 759, 56, 23, 29, 30, 'Облачно с прояснениями', 759, 37, 30, 22, 28, 'Облачно с прояснениями', 759, 47]
main.py[LINE:194]# ERROR    [2018-07-17 23:32:24,652]  [datetime.datetime(2018, 7, 20, 23, 32, 24, 565092), 20, 28, 'Облачно с прояснениями', 751, 72, 26, 29, 29, 'Небольшой дождь', 750, 52, 31, 22, 27, 'Небольшой дождь', 750, 74, 27, 19, 21, 'Пасмурно', 750, 87, 22, datetime.datetime(2018, 7, 25, 23, 32, 24, 621141), 19, 26, 'Пасмурно', 758, 54, 23, 28, 29, 'Пасмурно', 758, 37, 29, 21, 27, 'Пасмурно', 758, 48, 24, 17, 20, 'Ясно', 759, 64, 19, datetime.datetime(2018, 7, 26, 23, 32, 24, 629574), 20, 26, 'Облачно с прояснениями', 759, 56, 23, 29, 30, 'Облачно с прояснениями', 759, 37, 30, 22, 28, 'Облачно с прояснениями', 759, 47, 24]
main.py[LINE:194]# ERROR    [2018-07-17 23:32:24,652]  [datetime.datetime(2018, 7, 20, 23, 32, 24, 565092), 20, 28, 'Облачно с прояснениями', 751, 72, 26, 29, 29, 'Небольшой дождь', 750, 52, 31, 22, 27, 'Небольшой дождь', 750, 74, 27, 19, 21, 'Пасмурно', 750, 87, 22, datetime.datetime(2018, 7, 25, 23, 32, 24, 621141), 19, 26, 'Пасмурно', 758, 54, 23, 28, 29, 'Пасмурно', 758, 37, 29, 21, 27, 'Пасмурно', 758, 48, 24, 17, 20, 'Ясно', 759, 64, 19, datetime.datetime(2018, 7, 26, 23, 32, 24, 629574), 20, 26, 'Облачно с прояснениями', 759, 56, 23, 29, 30, 'Облачно с прояснениями', 759, 37, 30, 22, 28, 'Облачно с прояснениями', 759, 47, 24, 15]
main.py[LINE:194]# ERROR    [2018-07-17 23:32:24,652]  [datetime.datetime(2018, 7, 20, 23, 32, 24, 565092), 20, 28, 'Облачно с прояснениями', 751, 72, 26, 29, 29, 'Небольшой дождь', 750, 52, 31, 22, 27, 'Небольшой дождь', 750, 74, 27, 19, 21, 'Пасмурно', 750, 87, 22, datetime.datetime(2018, 7, 25, 23, 32, 24, 621141), 19, 26, 'Пасмурно', 758, 54, 23, 28, 29, 'Пасмурно', 758, 37, 29, 21, 27, 'Пасмурно', 758, 48, 24, 17, 20, 'Ясно', 759, 64, 19, datetime.datetime(2018, 7, 26, 23, 32, 24, 629574), 20, 26, 'Облачно с прояснениями', 759, 56, 23, 29, 30, 'Облачно с прояснениями', 759, 37, 30, 22, 28, 'Облачно с прояснениями', 759, 47, 24, 15, 20]
main.py[LINE:194]# ERROR    [2018-07-17 23:32:24,652]  [datetime.datetime(2018, 7, 20, 23, 32, 24, 565092), 20, 28, 'Облачно с прояснениями', 751, 72, 26, 29, 29, 'Небольшой дождь', 750, 52, 31, 22, 27, 'Небольшой дождь', 750, 74, 27, 19, 21, 'Пасмурно', 750, 87, 22, datetime.datetime(2018, 7, 25, 23, 32, 24, 621141), 19, 26, 'Пасмурно', 758, 54, 23, 28, 29, 'Пасмурно', 758, 37, 29, 21, 27, 'Пасмурно', 758, 48, 24, 17, 20, 'Ясно', 759, 64, 19, datetime.datetime(2018, 7, 26, 23, 32, 24, 629574), 20, 26, 'Облачно с прояснениями', 759, 56, 23, 29, 30, 'Облачно с прояснениями', 759, 37, 30, 22, 28, 'Облачно с прояснениями', 759, 47, 24, 15, 20, 'Облачно с прояснениями']
main.py[LINE:194]# ERROR    [2018-07-17 23:32:24,652]  [datetime.datetime(2018, 7, 20, 23, 32, 24, 565092), 20, 28, 'Облачно с прояснениями', 751, 72, 26, 29, 29, 'Небольшой дождь', 750, 52, 31, 22, 27, 'Небольшой дождь', 750, 74, 27, 19, 21, 'Пасмурно', 750, 87, 22, datetime.datetime(2018, 7, 25, 23, 32, 24, 621141), 19, 26, 'Пасмурно', 758, 54, 23, 28, 29, 'Пасмурно', 758, 37, 29, 21, 27, 'Пасмурно', 758, 48, 24, 17, 20, 'Ясно', 759, 64, 19, datetime.datetime(2018, 7, 26, 23, 32, 24, 629574), 20, 26, 'Облачно с прояснениями', 759, 56, 23, 29, 30, 'Облачно с прояснениями', 759, 37, 30, 22, 28, 'Облачно с прояснениями', 759, 47, 24, 15, 20, 'Облачно с прояснениями', 757]
main.py[LINE:194]# ERROR    [2018-07-17 23:32:24,652]  [datetime.datetime(2018, 7, 20, 23, 32, 24, 565092), 20, 28, 'Облачно с прояснениями', 751, 72, 26, 29, 29, 'Небольшой дождь', 750, 52, 31, 22, 27, 'Небольшой дождь', 750, 74, 27, 19, 21, 'Пасмурно', 750, 87, 22, datetime.datetime(2018, 7, 25, 23, 32, 24, 621141), 19, 26, 'Пасмурно', 758, 54, 23, 28, 29, 'Пасмурно', 758, 37, 29, 21, 27, 'Пасмурно', 758, 48, 24, 17, 20, 'Ясно', 759, 64, 19, datetime.datetime(2018, 7, 26, 23, 32, 24, 629574), 20, 26, 'Облачно с прояснениями', 759, 56, 23, 29, 30, 'Облачно с прояснениями', 759, 37, 30, 22, 28, 'Облачно с прояснениями', 759, 47, 24, 15, 20, 'Облачно с прояснениями', 757, 71]
main.py[LINE:194]# ERROR    [2018-07-17 23:32:24,652]  [datetime.datetime(2018, 7, 20, 23, 32, 24, 565092), 20, 28, 'Облачно с прояснениями', 751, 72, 26, 29, 29, 'Небольшой дождь', 750, 52, 31, 22, 27, 'Небольшой дождь', 750, 74, 27, 19, 21, 'Пасмурно', 750, 87, 22, datetime.datetime(2018, 7, 25, 23, 32, 24, 621141), 19, 26, 'Пасмурно', 758, 54, 23, 28, 29, 'Пасмурно', 758, 37, 29, 21, 27, 'Пасмурно', 758, 48, 24, 17, 20, 'Ясно', 759, 64, 19, datetime.datetime(2018, 7, 26, 23, 32, 24, 629574), 20, 26, 'Облачно с прояснениями', 759, 56, 23, 29, 30, 'Облачно с прояснениями', 759, 37, 30, 22, 28, 'Облачно с прояснениями', 759, 47, 24, 15, 20, 'Облачно с прояснениями', 757, 71, 18]
__init__.py[LINE:410]# INFO     [2018-07-17 23:32:27,686]  Running job Every 1 minute do main_current() (last run: 2018-07-17 23:31:27, next run: 2018-07-17 23:32:27)
__init__.py[LINE:410]# INFO     [2018-07-17 23:33:28,602]  Running job Every 1 minute do main_current() (last run: 2018-07-17 23:32:27, next run: 2018-07-17 23:33:27)
__init__.py[LINE:410]# INFO     [2018-07-17 23:34:25,370]  Running job Every 2 minutes do main_calendar() (last run: 2018-07-17 23:32:24, next run: 2018-07-17 23:34:24)
__init__.py[LINE:410]# INFO     [2018-07-17 23:34:28,870]  Running job Every 1 minute do main_current() (last run: 2018-07-17 23:33:28, next run: 2018-07-17 23:34:28)
__init__.py[LINE:410]# INFO     [2018-07-17 23:35:29,840]  Running job Every 1 minute do main_current() (last run: 2018-07-17 23:34:29, next run: 2018-07-17 23:35:29)
__init__.py[LINE:410]# INFO     [2018-07-17 23:36:26,680]  Running job Every 2 minutes do main_calendar() (last run: 2018-07-17 23:34:25, next run: 2018-07-17 23:36:25)
__init__.py[LINE:410]# INFO     [2018-07-17 23:36:30,151]  Running job Every 1 minute do main_current() (last run: 2018-07-17 23:35:30, next run: 2018-07-17 23:36:30)
__init__.py[LINE:410]# INFO     [2018-07-17 23:37:31,041]  Running job Every 1 minute do main_current() (last run: 2018-07-17 23:36:30, next run: 2018-07-17 23:37:30)
__init__.py[LINE:410]# INFO     [2018-07-17 23:38:27,784]  Running job Every 2 minutes do main_calendar() (last run: 2018-07-17 23:36:27, next run: 2018-07-17 23:38:27)
__init__.py[LINE:410]# INFO     [2018-07-17 23:38:32,330]  Running job Every 1 minute do main_current() (last run: 2018-07-17 23:37:31, next run: 2018-07-17 23:38:31)
__init__.py[LINE:410]# INFO     [2018-07-17 23:39:33,263]  Running job Every 1 minute do main_current() (last run: 2018-07-17 23:38:32, next run: 2018-07-17 23:39:32)
__init__.py[LINE:410]# INFO     [2018-07-17 23:40:29,179]  Running job Every 2 minutes do main_calendar() (last run: 2018-07-17 23:38:28, next run: 2018-07-17 23:40:28)
__init__.py[LINE:410]# INFO     [2018-07-17 23:40:33,699]  Running job Every 1 minute do main_current() (last run: 2018-07-17 23:39:33, next run: 2018-07-17 23:40:33)
__init__.py[LINE:410]# INFO     [2018-07-17 23:41:34,569]  Running job Every 1 minute do main_current() (last run: 2018-07-17 23:40:33, next run: 2018-07-17 23:41:33)
__init__.py[LINE:410]# INFO     [2018-07-17 23:42:30,386]  Running job Every 2 minutes do main_calendar() (last run: 2018-07-17 23:40:29, next run: 2018-07-17 23:42:29)
__init__.py[LINE:410]# INFO     [2018-07-17 23:42:34,850]  Running job Every 1 minute do main_current() (last run: 2018-07-17 23:41:34, next run: 2018-07-17 23:42:34)
__init__.py[LINE:410]# INFO     [2018-07-17 23:43:35,739]  Running job Every 1 minute do main_current() (last run: 2018-07-17 23:42:35, next run: 2018-07-17 23:43:35)
__init__.py[LINE:410]# INFO     [2018-07-17 23:44:31,532]  Running job Every 2 minutes do main_calendar() (last run: 2018-07-17 23:42:30, next run: 2018-07-17 23:44:30)
__init__.py[LINE:410]# INFO     [2018-07-17 23:44:36,781]  Running job Every 1 minute do main_current() (last run: 2018-07-17 23:43:35, next run: 2018-07-17 23:44:35)
__init__.py[LINE:410]# INFO     [2018-07-17 23:45:37,629]  Running job Every 1 minute do main_current() (last run: 2018-07-17 23:44:37, next run: 2018-07-17 23:45:37)
__init__.py[LINE:410]# INFO     [2018-07-17 23:46:33,475]  Running job Every 2 minutes do main_calendar() (last run: 2018-07-17 23:44:32, next run: 2018-07-17 23:46:32)
__init__.py[LINE:410]# INFO     [2018-07-17 23:46:37,964]  Running job Every 1 minute do main_current() (last run: 2018-07-17 23:45:37, next run: 2018-07-17 23:46:37)
__init__.py[LINE:410]# INFO     [2018-07-17 23:47:38,867]  Running job Every 1 minute do main_current() (last run: 2018-07-17 23:46:38, next run: 2018-07-17 23:47:38)
__init__.py[LINE:410]# INFO     [2018-07-17 23:48:34,654]  Running job Every 2 minutes do main_calendar() (last run: 2018-07-17 23:46:33, next run: 2018-07-17 23:48:33)
__init__.py[LINE:410]# INFO     [2018-07-17 23:48:39,223]  Running job Every 1 minute do main_current() (last run: 2018-07-17 23:47:39, next run: 2018-07-17 23:48:39)
__init__.py[LINE:410]# INFO     [2018-07-17 23:49:40,105]  Running job Every 1 minute do main_current() (last run: 2018-07-17 23:48:39, next run: 2018-07-17 23:49:39)
